#
# There is insufficient memory for the Java Runtime Environment to continue.
# Native memory allocation (mmap) failed to map 134217728 bytes for G1 virtual space
# Possible reasons:
#   The system is out of physical RAM or swap space
#   The process is running with CompressedOops enabled, and the Java Heap may be blocking the growth of the native heap
# Possible solutions:
#   Reduce memory load on the system
#   Increase physical memory or swap space
#   Check if swap backing store is full
#   Decrease Java heap size (-Xmx/-Xms)
#   Decrease number of Java threads
#   Decrease Java thread stack sizes (-Xss)
#   Set larger code cache with -XX:ReservedCodeCacheSize=
#   JVM is running with Unscaled Compressed Oops mode in which the Java heap is
#     placed in the first 4GB address space. The Java Heap base address is the
#     maximum limit for the native heap growth. Please use -XX:HeapBaseMinAddress
#     to set the Java Heap base and to place the Java Heap above 4GB virtual address.
# This output file may be truncated or incomplete.
#
#  Out of Memory Error (os_windows.cpp:3530), pid=15440, tid=7356
#
# JRE version:  (18.0.1.1+2) (build )
# Java VM: Java HotSpot(TM) 64-Bit Server VM (18.0.1.1+2-6, mixed mode, sharing, tiered, compressed oops, compressed class ptrs, g1 gc, windows-amd64)
# No core dump will be written. Minidumps are not enabled by default on client versions of Windows
#

---------------  S U M M A R Y ------------

Command Line: -Dfile.encoding=UTF-8 --module-path=C:\Users\BitComando\OneDrive\Documents\IFSC\Ciência da Computação\Fase 3\Rede de Computadores\Parte1\UDPMulticast\build\classes udpmulticast.UDPMulticast

Host: Intel(R) Core(TM) i7-3612QM CPU @ 2.10GHz, 8 cores, 7G,  Windows 10 , 64 bit Build 19041 (10.0.19041.2546)
Time: Tue Apr 11 19:49:08 2023 Hora oficial do Brasil elapsed time: 0.012821 seconds (0d 0h 0m 0s)

---------------  T H R E A D  ---------------

Current thread (0x0000011ddd0df280):  JavaThread "Unknown thread" [_thread_in_vm, id=7356, stack(0x0000000d35300000,0x0000000d35400000)]

Stack: [0x0000000d35300000,0x0000000d35400000]
Native frames: (J=compiled Java code, j=interpreted, Vv=VM code, C=native code)
V  [jvm.dll+0x69887a]
V  [jvm.dll+0x7f38bd]
V  [jvm.dll+0x7f51ce]
V  [jvm.dll+0x7f5883]
V  [jvm.dll+0x25ca3f]
V  [jvm.dll+0x6957c9]
V  [jvm.dll+0x68a2fa]
V  [jvm.dll+0x321efb]
V  [jvm.dll+0x3298d6]
V  [jvm.dll+0x37e47e]
V  [jvm.dll+0x37e6af]
V  [jvm.dll+0x2f9c7a]
V  [jvm.dll+0x2facdd]
V  [jvm.dll+0x7c24f0]
V  [jvm.dll+0x38b801]
V  [jvm.dll+0x7a1203]
V  [jvm.dll+0x40d6bf]
V  [jvm.dll+0x40f091]
C  [jli.dll+0x526b]
C  [ucrtbase.dll+0x21bb2]
C  [KERNEL32.DLL+0x17614]
C  [ntdll.dll+0x526a1]


---------------  P R O C E S S  ---------------

Threads class SMR info:
_java_thread_list=0x00007ff9c9d9d550, length=0, elements={
}

Java Threads: ( => current thread )

Other Threads:
  0x0000011ddd13cf40 WorkerThread "GC Thread#0" [stack: 0x0000000d35400000,0x0000000d35500000] [id=9492]
  0x0000011ddd14ef40 ConcurrentGCThread "G1 Main Marker" [stack: 0x0000000d35500000,0x0000000d35600000] [id=17424]
  0x0000011ddd150940 WorkerThread "G1 Conc#0" [stack: 0x0000000d35600000,0x0000000d35700000] [id=7488]

[error occurred during error reporting (printing all threads), id 0xc0000005, EXCEPTION_ACCESS_VIOLATION (0xc0000005) at pc=0x00007ff9c95ca217]

VM state: not at safepoint (not fully initialized)

VM Mutex/Monitor currently owned by a thread:  ([mutex/lock_event])
[0x0000011ddd0dab70] Heap_lock - owner thread: 0x0000011ddd0df280

Heap address: 0x0000000081a00000, size: 2022 MB, Compressed Oops mode: 32-bit

CDS archive(s) mapped at: [0x0000000000000000-0x0000000000000000-0x0000000000000000), size 0, SharedBaseAddress: 0x0000000800000000, ArchiveRelocationMode: 0.
Narrow klass base: 0x0000000000000000, Narrow klass shift: 0, Narrow klass range: 0x0

GC Precious Log:
 CardTable entry size: 512
 Card Set container configuration: InlinePtr #cards 5 size 8 Array Of Cards #cards 12 size 40 Howl #buckets 4 coarsen threshold 1843 Howl Bitmap #cards 512 size 80 coarsen threshold 460 Card regions per heap region 1 cards per card region 2048

Heap:
 garbage-first heap   total 0K, used 0K [0x0000000081a00000, 0x0000000100000000)
  region size 1024K, 0 young (0K), 0 survivors (0K)

[error occurred during error reporting (printing heap information), id 0xc0000005, EXCEPTION_ACCESS_VIOLATION (0xc0000005) at pc=0x00007ff9c99b0cb9]

GC Heap History (0 events):
No events

Deoptimization events (0 events):
No events

Classes loaded (0 events):
No events

Classes unloaded (0 events):
No events

Classes redefined (0 events):
No events

Internal exceptions (0 events):
No events

VM Operations (0 events):
No events

Events (1 events):
Event: 0.008 Loaded shared library C:\Program Files\Java\jdk-18.0.1.1\bin\java.dll


Dynamic libraries:
0x00007ff615e80000 - 0x00007ff615e90000 	C:\Program Files\Java\jdk-18.0.1.1\bin\java.exe
0x00007ff9fd350000 - 0x00007ff9fd548000 	C:\WINDOWS\SYSTEM32\ntdll.dll
0x00007ff9fb590000 - 0x00007ff9fb64f000 	C:\WINDOWS\System32\KERNEL32.DLL
0x00007ff9fb0c0000 - 0x00007ff9fb392000 	C:\WINDOWS\System32\KERNELBASE.dll
0x00007ff9faac0000 - 0x00007ff9fabc0000 	C:\WINDOWS\System32\ucrtbase.dll
0x00007ff9f6a80000 - 0x00007ff9f6a9a000 	C:\Program Files\Java\jdk-18.0.1.1\bin\VCRUNTIME140.dll
0x00007ff9f68c0000 - 0x00007ff9f68d8000 	C:\Program Files\Java\jdk-18.0.1.1\bin\jli.dll
0x00007ff9fd170000 - 0x00007ff9fd21e000 	C:\WINDOWS\System32\ADVAPI32.dll
0x00007ff9fce00000 - 0x00007ff9fce9e000 	C:\WINDOWS\System32\msvcrt.dll
0x00007ff9fcea0000 - 0x00007ff9fcf3c000 	C:\WINDOWS\System32\sechost.dll
0x00007ff9fb3a0000 - 0x00007ff9fb4c4000 	C:\WINDOWS\System32\RPCRT4.dll
0x00007ff9fb650000 - 0x00007ff9fb7f1000 	C:\WINDOWS\System32\USER32.dll
0x00007ff9fabc0000 - 0x00007ff9fabe2000 	C:\WINDOWS\System32\win32u.dll
0x00007ff9e7ca0000 - 0x00007ff9e7f3a000 	C:\WINDOWS\WinSxS\amd64_microsoft.windows.common-controls_6595b64144ccf1df_6.0.19041.1110_none_60b5254171f9507e\COMCTL32.dll
0x00007ff9fbe00000 - 0x00007ff9fbe2b000 	C:\WINDOWS\System32\GDI32.dll
0x00007ff9fabf0000 - 0x00007ff9facff000 	C:\WINDOWS\System32\gdi32full.dll
0x00007ff9fb020000 - 0x00007ff9fb0bd000 	C:\WINDOWS\System32\msvcp_win.dll
0x00007ff9eb050000 - 0x00007ff9eb05a000 	C:\WINDOWS\SYSTEM32\VERSION.dll
0x00007ff9fd140000 - 0x00007ff9fd170000 	C:\WINDOWS\System32\IMM32.DLL
0x00007ff9f6800000 - 0x00007ff9f680c000 	C:\Program Files\Java\jdk-18.0.1.1\bin\vcruntime140_1.dll
0x00007ff9d7650000 - 0x00007ff9d76dd000 	C:\Program Files\Java\jdk-18.0.1.1\bin\msvcp140.dll
0x00007ff9c92c0000 - 0x00007ff9c9ed0000 	C:\Program Files\Java\jdk-18.0.1.1\bin\server\jvm.dll
0x00007ff9fbe30000 - 0x00007ff9fbe38000 	C:\WINDOWS\System32\PSAPI.DLL
0x00007ff9f8370000 - 0x00007ff9f8379000 	C:\WINDOWS\SYSTEM32\WSOCK32.dll
0x00007ff9e7780000 - 0x00007ff9e77a7000 	C:\WINDOWS\SYSTEM32\WINMM.dll
0x00007ff9fca60000 - 0x00007ff9fcacb000 	C:\WINDOWS\System32\WS2_32.dll
0x00007ff9f8910000 - 0x00007ff9f8922000 	C:\WINDOWS\SYSTEM32\kernel.appcore.dll
0x00007ff9f6380000 - 0x00007ff9f638a000 	C:\Program Files\Java\jdk-18.0.1.1\bin\jimage.dll
0x00007ff9e88a0000 - 0x00007ff9e8a84000 	C:\WINDOWS\SYSTEM32\DBGHELP.DLL
0x00007ff9e8490000 - 0x00007ff9e84c5000 	C:\WINDOWS\SYSTEM32\dbgcore.DLL
0x00007ff9faf40000 - 0x00007ff9fafc2000 	C:\WINDOWS\System32\bcryptPrimitives.dll
0x00007ff9f1810000 - 0x00007ff9f1835000 	C:\Program Files\Java\jdk-18.0.1.1\bin\java.dll

dbghelp: loaded successfully - version: 4.0.5 - missing functions: none
symbol engine: initialized successfully - sym options: 0x614 - pdb path: .;C:\Program Files\Java\jdk-18.0.1.1\bin;C:\WINDOWS\SYSTEM32;C:\WINDOWS\WinSxS\amd64_microsoft.windows.common-controls_6595b64144ccf1df_6.0.19041.1110_none_60b5254171f9507e;C:\Program Files\Java\jdk-18.0.1.1\bin\server

VM Arguments:
jvm_args: -Dfile.encoding=UTF-8 --module-path=C:\Users\BitComando\OneDrive\Documents\IFSC\Ciência da Computação\Fase 3\Rede de Computadores\Parte1\UDPMulticast\build\classes 
java_command: udpmulticast.UDPMulticast
java_class_path (initial): C:\Users\BitComando\OneDrive\Documents\IFSC\Ciência da Computação\Fase 3\Rede de Computadores\Parte1\UDPMulticast\dist\json-simple-1.1.1.jar;C:\Users\BitComando\OneDrive\Documents\IFSC\Ciência da Computação\Fase 3\Rede de Computadores\Parte1\UDPMulticast\build\classes
Launcher Type: SUN_STANDARD

[Global flags]
     intx CICompilerCount                          = 4                                         {product} {ergonomic}
     uint ConcGCThreads                            = 2                                         {product} {ergonomic}
     uint G1ConcRefinementThreads                  = 8                                         {product} {ergonomic}
   size_t G1HeapRegionSize                         = 1048576                                   {product} {ergonomic}
    uintx GCDrainStackTargetSize                   = 64                                        {product} {ergonomic}
   size_t InitialHeapSize                          = 134217728                                 {product} {ergonomic}
   size_t MarkStackSize                            = 4194304                                   {product} {ergonomic}
   size_t MaxHeapSize                              = 2120220672                                {product} {ergonomic}
   size_t MinHeapDeltaBytes                        = 1048576                                   {product} {ergonomic}
   size_t MinHeapSize                              = 8388608                                   {product} {ergonomic}
    uintx NonNMethodCodeHeapSize                   = 5839372                                {pd product} {ergonomic}
    uintx NonProfiledCodeHeapSize                  = 122909434                              {pd product} {ergonomic}
    uintx ProfiledCodeHeapSize                     = 122909434                              {pd product} {ergonomic}
    uintx ReservedCodeCacheSize                    = 251658240                              {pd product} {ergonomic}
     bool SegmentedCodeCache                       = true                                      {product} {ergonomic}
   size_t SoftMaxHeapSize                          = 2120220672                             {manageable} {ergonomic}
     bool UseCompressedClassPointers               = true                           {product lp64_product} {ergonomic}
     bool UseCompressedOops                        = true                           {product lp64_product} {ergonomic}
     bool UseG1GC                                  = true                                      {product} {ergonomic}
     bool UseLargePagesIndividualAllocation        = false                                  {pd product} {ergonomic}

Logging:
Log output configuration:
 #0: stdout all=warning uptime,level,tags foldmultilines=false
 #1: stderr all=off uptime,level,tags foldmultilines=false

Environment Variables:
PATH=C:\Program Files (x86)\NVIDIA Corporation\PhysX\Common;C:\Program Files\Common Files\Oracle\Java\javapath;C:\Program Files (x86)\Common Files\Oracle\Java\javapath;C:\Program Files (x86)\Java\jdk1.8.0_321\bin;C:\Windows\system32;C:\Windows;C:\Windows\System32\Wbem;C:\Windows\System32\WindowsPowerShell\v1.0\;C:\Windows\System32\OpenSSH\;C:\Program Files\dotnet\;C:\Program Files\Microsoft SQL Server\150\Tools\Binn\;C:\Program Files\Microsoft SQL Server\Client SDK\ODBC\170\Tools\Binn\;C:\Program Files\Git\cmd;C:\Program Files\Microsoft VS Code\bin;;%SystemRoot%\system32;%SystemRoot%;%SystemRoot%\System32\Wbem;%SYSTEMROOT%\System32\WindowsPowerShell\v1.0\;%SYSTEMROOT%\System32\OpenSSH\;C:\Users\BitComando\AppData\Local\Microsoft\WindowsApps;C:\Users\BitComando\.dotnet\tools;
USERNAME=LaisVarela
OS=Windows_NT
PROCESSOR_IDENTIFIER=Intel64 Family 6 Model 58 Stepping 9, GenuineIntel



---------------  S Y S T E M  ---------------

OS:
 Windows 10 , 64 bit Build 19041 (10.0.19041.2546)
OS uptime: 13 days 22:01 hours

CPU: total 8 (initial active 8) (4 cores per cpu, 2 threads per core) family 6 model 58 stepping 9 microcode 0x21, cx8, cmov, fxsr, ht, mmx, sse, sse2, sse3, ssse3, sse4.1, sse4.2, popcnt, tsc, tscinvbit, avx, aes, erms, clmul, vzeroupper, clflush

Memory: 4k page, system-wide physical 8084M (1375M free)
TotalPageFile size 32660M (AvailPageFile size 53M)
current process WorkingSet (physical memory assigned to process): 10M, peak: 10M
current process commit charge ("private bytes"): 60M, peak: 188M

vm_info: Java HotSpot(TM) 64-Bit Server VM (18.0.1.1+2-6) for windows-amd64 JRE (18.0.1.1+2-6), built on Apr 25 2022 21:53:15 by "mach5one" with MS VC++ 16.8 / 16.9 (VS2019)

END.
