#
# There is insufficient memory for the Java Runtime Environment to continue.
# Native memory allocation (malloc) failed to allocate 32744 bytes for Chunk::new
# Possible reasons:
#   The system is out of physical RAM or swap space
#   The process is running with CompressedOops enabled, and the Java Heap may be blocking the growth of the native heap
# Possible solutions:
#   Reduce memory load on the system
#   Increase physical memory or swap space
#   Check if swap backing store is full
#   Decrease Java heap size (-Xmx/-Xms)
#   Decrease number of Java threads
#   Decrease Java thread stack sizes (-Xss)
#   Set larger code cache with -XX:ReservedCodeCacheSize=
#   JVM is running with Unscaled Compressed Oops mode in which the Java heap is
#     placed in the first 4GB address space. The Java Heap base address is the
#     maximum limit for the native heap growth. Please use -XX:HeapBaseMinAddress
#     to set the Java Heap base and to place the Java Heap above 4GB virtual address.
# This output file may be truncated or incomplete.
#
#  Out of Memory Error (arena.cpp:184), pid=2920, tid=7632
#
# JRE version: Java(TM) SE Runtime Environment (18.0.1.1+2) (build 18.0.1.1+2-6)
# Java VM: Java HotSpot(TM) 64-Bit Server VM (18.0.1.1+2-6, mixed mode, sharing, tiered, compressed oops, compressed class ptrs, g1 gc, windows-amd64)
# No core dump will be written. Minidumps are not enabled by default on client versions of Windows
#

---------------  S U M M A R Y ------------

Command Line: -Dfile.encoding=UTF-8 -agentlib:jdwp=transport=dt_shmem,address=javadebug --module-path=C:\Users\BitComando\OneDrive\Documents\IFSC\Ciência da Computação\Fase 3\Rede de Computadores\Parte1\UDPMulticast\build\classes udpmulticast.UDPMulticast 224.0.0.2

Host: Intel(R) Core(TM) i7-3612QM CPU @ 2.10GHz, 8 cores, 7G,  Windows 10 , 64 bit Build 19041 (10.0.19041.2546)
Time: Tue Apr 11 20:21:48 2023 Hora oficial do Brasil elapsed time: 4.179685 seconds (0d 0h 0m 4s)

---------------  T H R E A D  ---------------

Current thread (0x000002284793b260):  JavaThread "C1 CompilerThread0" daemon [_thread_in_native, id=7632, stack(0x000000682d500000,0x000000682d600000)]


Current CompileTask:
C1:   4179  972   !   3       java.awt.DefaultKeyboardFocusManager::dispatchEvent (1621 bytes)

Stack: [0x000000682d500000,0x000000682d600000]
Native frames: (J=compiled Java code, j=interpreted, Vv=VM code, C=native code)
V  [jvm.dll+0x69887a]
V  [jvm.dll+0x7f38bd]
V  [jvm.dll+0x7f51ce]
V  [jvm.dll+0x7f5883]
V  [jvm.dll+0x25ca3f]
V  [jvm.dll+0xb8c2f]
V  [jvm.dll+0xb8fa5]
V  [jvm.dll+0x131175]
V  [jvm.dll+0x18ea4d]
V  [jvm.dll+0x18f643]
V  [jvm.dll+0x148df3]
V  [jvm.dll+0x1486cf]
V  [jvm.dll+0x148926]
V  [jvm.dll+0x147d9a]
V  [jvm.dll+0x149a81]
V  [jvm.dll+0x23e8ca]
V  [jvm.dll+0x23cbb5]
V  [jvm.dll+0x7a5fb1]
V  [jvm.dll+0x7a03ea]
V  [jvm.dll+0x697725]
C  [ucrtbase.dll+0x21bb2]
C  [KERNEL32.DLL+0x17614]
C  [ntdll.dll+0x526a1]


---------------  P R O C E S S  ---------------

Threads class SMR info:
_java_thread_list=0x000002284ca7b860, length=22, elements={
0x00000228275fe990, 0x000002284790a570, 0x0000022847914240, 0x000002284792fe50,
0x0000022847930700, 0x0000022847932fc0, 0x0000022847933870, 0x0000022847938960,
0x000002284793b260, 0x000002284794e320, 0x00000228478faaa0, 0x000002284bd971e0,
0x000002284bda2580, 0x000002284bda2a60, 0x000002284bd582b0, 0x000002284bf15420,
0x000002284bf1a9d0, 0x000002284bf276c0, 0x000002284bfd5f70, 0x000002284ca2ad80,
0x000002284ca96d30, 0x000002284ca95ec0
}

Java Threads: ( => current thread )
  0x00000228275fe990 JavaThread "main" [_thread_blocked, id=8384, stack(0x000000682c700000,0x000000682c800000)]
  0x000002284790a570 JavaThread "Reference Handler" daemon [_thread_blocked, id=16484, stack(0x000000682ce00000,0x000000682cf00000)]
  0x0000022847914240 JavaThread "Finalizer" daemon [_thread_blocked, id=16216, stack(0x000000682cf00000,0x000000682d000000)]
  0x000002284792fe50 JavaThread "Signal Dispatcher" daemon [_thread_blocked, id=5284, stack(0x000000682d000000,0x000000682d100000)]
  0x0000022847930700 JavaThread "Attach Listener" daemon [_thread_blocked, id=9052, stack(0x000000682d100000,0x000000682d200000)]
  0x0000022847932fc0 JavaThread "Service Thread" daemon [_thread_blocked, id=16656, stack(0x000000682d200000,0x000000682d300000)]
  0x0000022847933870 JavaThread "Monitor Deflation Thread" daemon [_thread_blocked, id=10948, stack(0x000000682d300000,0x000000682d400000)]
  0x0000022847938960 JavaThread "C2 CompilerThread0" daemon [_thread_blocked, id=17564, stack(0x000000682d400000,0x000000682d500000)]
=>0x000002284793b260 JavaThread "C1 CompilerThread0" daemon [_thread_in_native, id=7632, stack(0x000000682d500000,0x000000682d600000)]
  0x000002284794e320 JavaThread "Sweeper thread" daemon [_thread_blocked, id=10192, stack(0x000000682d600000,0x000000682d700000)]
  0x00000228478faaa0 JavaThread "Common-Cleaner" daemon [_thread_blocked, id=4308, stack(0x000000682d700000,0x000000682d800000)]
  0x000002284bd971e0 JavaThread "JDWP Transport Listener: dt_shmem" daemon [_thread_blocked, id=12072, stack(0x000000682d800000,0x000000682d900000)]
  0x000002284bda2580 JavaThread "JDWP Event Helper Thread" daemon [_thread_blocked, id=5332, stack(0x000000682d900000,0x000000682da00000)]
  0x000002284bda2a60 JavaThread "JDWP Command Reader" daemon [_thread_in_native, id=1468, stack(0x000000682da00000,0x000000682db00000)]
  0x000002284bd582b0 JavaThread "Notification Thread" daemon [_thread_blocked, id=17252, stack(0x000000682db00000,0x000000682dc00000)]
  0x000002284bf15420 JavaThread "Java2D Disposer" daemon [_thread_blocked, id=15892, stack(0x000000682dd00000,0x000000682de00000)]
  0x000002284bf1a9d0 JavaThread "AWT-Shutdown" [_thread_blocked, id=14000, stack(0x000000682de00000,0x000000682df00000)]
  0x000002284bf276c0 JavaThread "AWT-Windows" daemon [_thread_in_native, id=14372, stack(0x000000682df00000,0x000000682e000000)]
  0x000002284bfd5f70 JavaThread "AWT-EventQueue-0" [_thread_blocked, id=17256, stack(0x000000682e000000,0x000000682e100000)]
  0x000002284ca2ad80 JavaThread "org.netbeans.modules.debugger.jpda.visual AWT Access Loop" daemon [_thread_blocked, id=11964, stack(0x000000682e100000,0x000000682e200000)]
  0x000002284ca96d30 JavaThread "TimerQueue" daemon [_thread_blocked, id=1808, stack(0x000000682e500000,0x000000682e600000)]
  0x000002284ca95ec0 JavaThread "Thread-0" [_thread_in_native, id=17156, stack(0x000000682e600000,0x000000682e700000)]

Other Threads:
  0x0000022847908670 VMThread "VM Thread" [stack: 0x000000682cd00000,0x000000682ce00000] [id=12832]
  0x000002284be19ca0 WatcherThread "VM Periodic Task Thread" [stack: 0x000000682dc00000,0x000000682dd00000] [id=6060]
  0x0000022829803a10 WorkerThread "GC Thread#0" [stack: 0x000000682c800000,0x000000682c900000] [id=13844]
  0x0000022829814510 ConcurrentGCThread "G1 Main Marker" [stack: 0x000000682c900000,0x000000682ca00000] [id=13836]
  0x0000022829815e20 WorkerThread "G1 Conc#0" [stack: 0x000000682ca00000,0x000000682cb00000] [id=8300]
  0x00000228298664c0 ConcurrentGCThread "G1 Refine#0" [stack: 0x000000682cb00000,0x000000682cc00000] [id=7672]
  0x0000022829866ce0 ConcurrentGCThread "G1 Service" [stack: 0x000000682cc00000,0x000000682cd00000] [id=7120]

Threads with active compile tasks:
C1 CompilerThread0     4222  972   !   3       java.awt.DefaultKeyboardFocusManager::dispatchEvent (1621 bytes)

VM state: not at safepoint (normal execution)

VM Mutex/Monitor currently owned by a thread: None

Heap address: 0x0000000081a00000, size: 2022 MB, Compressed Oops mode: 32-bit

CDS archive(s) mapped at: [0x0000000800000000-0x0000000800ba0000-0x0000000800ba0000), size 12189696, SharedBaseAddress: 0x0000000800000000, ArchiveRelocationMode: 0.
Compressed class space mapped at: 0x0000000800c00000-0x0000000840c00000, reserved size: 1073741824
Narrow klass base: 0x0000000800000000, Narrow klass shift: 0, Narrow klass range: 0x100000000

GC Precious Log:
 CardTable entry size: 512
 Card Set container configuration: InlinePtr #cards 5 size 8 Array Of Cards #cards 12 size 40 Howl #buckets 4 coarsen threshold 1843 Howl Bitmap #cards 512 size 80 coarsen threshold 460 Card regions per heap region 1 cards per card region 2048
 CPUs: 8 total, 8 available
 Memory: 8084M
 Large Page Support: Disabled
 NUMA Support: Disabled
 Compressed Oops: Enabled (32-bit)
 Heap Region Size: 1M
 Heap Min Capacity: 8M
 Heap Initial Capacity: 128M
 Heap Max Capacity: 2022M
 Pre-touch: Disabled
 Parallel Workers: 8
 Concurrent Workers: 2
 Concurrent Refinement Workers: 8
 Periodic GC: Disabled

Heap:
 garbage-first heap   total 131072K, used 7168K [0x0000000081a00000, 0x0000000100000000)
  region size 1024K, 9 young (9216K), 0 survivors (0K)
 Metaspace       used 9033K, committed 9216K, reserved 1114112K
  class space    used 1039K, committed 1088K, reserved 1048576K

Heap Regions: E=young(eden), S=young(survivor), O=old, HS=humongous(starts), HC=humongous(continues), CS=collection set, F=free, OA=open archive, CA=closed archive, TAMS=top-at-mark-start (previous, next)
|   0|0x0000000081a00000, 0x0000000081a00000, 0x0000000081b00000|  0%| F|  |TAMS 0x0000000081a00000, 0x0000000081a00000| Untracked 
|   1|0x0000000081b00000, 0x0000000081b00000, 0x0000000081c00000|  0%| F|  |TAMS 0x0000000081b00000, 0x0000000081b00000| Untracked 
|   2|0x0000000081c00000, 0x0000000081c00000, 0x0000000081d00000|  0%| F|  |TAMS 0x0000000081c00000, 0x0000000081c00000| Untracked 
|   3|0x0000000081d00000, 0x0000000081d00000, 0x0000000081e00000|  0%| F|  |TAMS 0x0000000081d00000, 0x0000000081d00000| Untracked 
|   4|0x0000000081e00000, 0x0000000081e00000, 0x0000000081f00000|  0%| F|  |TAMS 0x0000000081e00000, 0x0000000081e00000| Untracked 
|   5|0x0000000081f00000, 0x0000000081f00000, 0x0000000082000000|  0%| F|  |TAMS 0x0000000081f00000, 0x0000000081f00000| Untracked 
|   6|0x0000000082000000, 0x0000000082000000, 0x0000000082100000|  0%| F|  |TAMS 0x0000000082000000, 0x0000000082000000| Untracked 
|   7|0x0000000082100000, 0x0000000082100000, 0x0000000082200000|  0%| F|  |TAMS 0x0000000082100000, 0x0000000082100000| Untracked 
|   8|0x0000000082200000, 0x0000000082200000, 0x0000000082300000|  0%| F|  |TAMS 0x0000000082200000, 0x0000000082200000| Untracked 
|   9|0x0000000082300000, 0x0000000082300000, 0x0000000082400000|  0%| F|  |TAMS 0x0000000082300000, 0x0000000082300000| Untracked 
|  10|0x0000000082400000, 0x0000000082400000, 0x0000000082500000|  0%| F|  |TAMS 0x0000000082400000, 0x0000000082400000| Untracked 
|  11|0x0000000082500000, 0x0000000082500000, 0x0000000082600000|  0%| F|  |TAMS 0x0000000082500000, 0x0000000082500000| Untracked 
|  12|0x0000000082600000, 0x0000000082600000, 0x0000000082700000|  0%| F|  |TAMS 0x0000000082600000, 0x0000000082600000| Untracked 
|  13|0x0000000082700000, 0x0000000082700000, 0x0000000082800000|  0%| F|  |TAMS 0x0000000082700000, 0x0000000082700000| Untracked 
|  14|0x0000000082800000, 0x0000000082800000, 0x0000000082900000|  0%| F|  |TAMS 0x0000000082800000, 0x0000000082800000| Untracked 
|  15|0x0000000082900000, 0x0000000082900000, 0x0000000082a00000|  0%| F|  |TAMS 0x0000000082900000, 0x0000000082900000| Untracked 
|  16|0x0000000082a00000, 0x0000000082a00000, 0x0000000082b00000|  0%| F|  |TAMS 0x0000000082a00000, 0x0000000082a00000| Untracked 
|  17|0x0000000082b00000, 0x0000000082b00000, 0x0000000082c00000|  0%| F|  |TAMS 0x0000000082b00000, 0x0000000082b00000| Untracked 
|  18|0x0000000082c00000, 0x0000000082c00000, 0x0000000082d00000|  0%| F|  |TAMS 0x0000000082c00000, 0x0000000082c00000| Untracked 
|  19|0x0000000082d00000, 0x0000000082d00000, 0x0000000082e00000|  0%| F|  |TAMS 0x0000000082d00000, 0x0000000082d00000| Untracked 
|  20|0x0000000082e00000, 0x0000000082e00000, 0x0000000082f00000|  0%| F|  |TAMS 0x0000000082e00000, 0x0000000082e00000| Untracked 
|  21|0x0000000082f00000, 0x0000000082f00000, 0x0000000083000000|  0%| F|  |TAMS 0x0000000082f00000, 0x0000000082f00000| Untracked 
|  22|0x0000000083000000, 0x0000000083000000, 0x0000000083100000|  0%| F|  |TAMS 0x0000000083000000, 0x0000000083000000| Untracked 
|  23|0x0000000083100000, 0x0000000083100000, 0x0000000083200000|  0%| F|  |TAMS 0x0000000083100000, 0x0000000083100000| Untracked 
|  24|0x0000000083200000, 0x0000000083200000, 0x0000000083300000|  0%| F|  |TAMS 0x0000000083200000, 0x0000000083200000| Untracked 
|  25|0x0000000083300000, 0x0000000083300000, 0x0000000083400000|  0%| F|  |TAMS 0x0000000083300000, 0x0000000083300000| Untracked 
|  26|0x0000000083400000, 0x0000000083400000, 0x0000000083500000|  0%| F|  |TAMS 0x0000000083400000, 0x0000000083400000| Untracked 
|  27|0x0000000083500000, 0x0000000083500000, 0x0000000083600000|  0%| F|  |TAMS 0x0000000083500000, 0x0000000083500000| Untracked 
|  28|0x0000000083600000, 0x0000000083600000, 0x0000000083700000|  0%| F|  |TAMS 0x0000000083600000, 0x0000000083600000| Untracked 
|  29|0x0000000083700000, 0x0000000083700000, 0x0000000083800000|  0%| F|  |TAMS 0x0000000083700000, 0x0000000083700000| Untracked 
|  30|0x0000000083800000, 0x0000000083800000, 0x0000000083900000|  0%| F|  |TAMS 0x0000000083800000, 0x0000000083800000| Untracked 
|  31|0x0000000083900000, 0x0000000083900000, 0x0000000083a00000|  0%| F|  |TAMS 0x0000000083900000, 0x0000000083900000| Untracked 
|  32|0x0000000083a00000, 0x0000000083a00000, 0x0000000083b00000|  0%| F|  |TAMS 0x0000000083a00000, 0x0000000083a00000| Untracked 
|  33|0x0000000083b00000, 0x0000000083b00000, 0x0000000083c00000|  0%| F|  |TAMS 0x0000000083b00000, 0x0000000083b00000| Untracked 
|  34|0x0000000083c00000, 0x0000000083c00000, 0x0000000083d00000|  0%| F|  |TAMS 0x0000000083c00000, 0x0000000083c00000| Untracked 
|  35|0x0000000083d00000, 0x0000000083d00000, 0x0000000083e00000|  0%| F|  |TAMS 0x0000000083d00000, 0x0000000083d00000| Untracked 
|  36|0x0000000083e00000, 0x0000000083e00000, 0x0000000083f00000|  0%| F|  |TAMS 0x0000000083e00000, 0x0000000083e00000| Untracked 
|  37|0x0000000083f00000, 0x0000000083f00000, 0x0000000084000000|  0%| F|  |TAMS 0x0000000083f00000, 0x0000000083f00000| Untracked 
|  38|0x0000000084000000, 0x0000000084000000, 0x0000000084100000|  0%| F|  |TAMS 0x0000000084000000, 0x0000000084000000| Untracked 
|  39|0x0000000084100000, 0x0000000084100000, 0x0000000084200000|  0%| F|  |TAMS 0x0000000084100000, 0x0000000084100000| Untracked 
|  40|0x0000000084200000, 0x0000000084200000, 0x0000000084300000|  0%| F|  |TAMS 0x0000000084200000, 0x0000000084200000| Untracked 
|  41|0x0000000084300000, 0x0000000084300000, 0x0000000084400000|  0%| F|  |TAMS 0x0000000084300000, 0x0000000084300000| Untracked 
|  42|0x0000000084400000, 0x0000000084400000, 0x0000000084500000|  0%| F|  |TAMS 0x0000000084400000, 0x0000000084400000| Untracked 
|  43|0x0000000084500000, 0x0000000084500000, 0x0000000084600000|  0%| F|  |TAMS 0x0000000084500000, 0x0000000084500000| Untracked 
|  44|0x0000000084600000, 0x0000000084600000, 0x0000000084700000|  0%| F|  |TAMS 0x0000000084600000, 0x0000000084600000| Untracked 
|  45|0x0000000084700000, 0x0000000084700000, 0x0000000084800000|  0%| F|  |TAMS 0x0000000084700000, 0x0000000084700000| Untracked 
|  46|0x0000000084800000, 0x0000000084800000, 0x0000000084900000|  0%| F|  |TAMS 0x0000000084800000, 0x0000000084800000| Untracked 
|  47|0x0000000084900000, 0x0000000084900000, 0x0000000084a00000|  0%| F|  |TAMS 0x0000000084900000, 0x0000000084900000| Untracked 
|  48|0x0000000084a00000, 0x0000000084a00000, 0x0000000084b00000|  0%| F|  |TAMS 0x0000000084a00000, 0x0000000084a00000| Untracked 
|  49|0x0000000084b00000, 0x0000000084b00000, 0x0000000084c00000|  0%| F|  |TAMS 0x0000000084b00000, 0x0000000084b00000| Untracked 
|  50|0x0000000084c00000, 0x0000000084c00000, 0x0000000084d00000|  0%| F|  |TAMS 0x0000000084c00000, 0x0000000084c00000| Untracked 
|  51|0x0000000084d00000, 0x0000000084d00000, 0x0000000084e00000|  0%| F|  |TAMS 0x0000000084d00000, 0x0000000084d00000| Untracked 
|  52|0x0000000084e00000, 0x0000000084e00000, 0x0000000084f00000|  0%| F|  |TAMS 0x0000000084e00000, 0x0000000084e00000| Untracked 
|  53|0x0000000084f00000, 0x0000000084f00000, 0x0000000085000000|  0%| F|  |TAMS 0x0000000084f00000, 0x0000000084f00000| Untracked 
|  54|0x0000000085000000, 0x0000000085000000, 0x0000000085100000|  0%| F|  |TAMS 0x0000000085000000, 0x0000000085000000| Untracked 
|  55|0x0000000085100000, 0x0000000085100000, 0x0000000085200000|  0%| F|  |TAMS 0x0000000085100000, 0x0000000085100000| Untracked 
|  56|0x0000000085200000, 0x0000000085200000, 0x0000000085300000|  0%| F|  |TAMS 0x0000000085200000, 0x0000000085200000| Untracked 
|  57|0x0000000085300000, 0x0000000085300000, 0x0000000085400000|  0%| F|  |TAMS 0x0000000085300000, 0x0000000085300000| Untracked 
|  58|0x0000000085400000, 0x0000000085400000, 0x0000000085500000|  0%| F|  |TAMS 0x0000000085400000, 0x0000000085400000| Untracked 
|  59|0x0000000085500000, 0x0000000085500000, 0x0000000085600000|  0%| F|  |TAMS 0x0000000085500000, 0x0000000085500000| Untracked 
|  60|0x0000000085600000, 0x0000000085600000, 0x0000000085700000|  0%| F|  |TAMS 0x0000000085600000, 0x0000000085600000| Untracked 
|  61|0x0000000085700000, 0x0000000085700000, 0x0000000085800000|  0%| F|  |TAMS 0x0000000085700000, 0x0000000085700000| Untracked 
|  62|0x0000000085800000, 0x0000000085800000, 0x0000000085900000|  0%| F|  |TAMS 0x0000000085800000, 0x0000000085800000| Untracked 
|  63|0x0000000085900000, 0x0000000085900000, 0x0000000085a00000|  0%| F|  |TAMS 0x0000000085900000, 0x0000000085900000| Untracked 
|  64|0x0000000085a00000, 0x0000000085a00000, 0x0000000085b00000|  0%| F|  |TAMS 0x0000000085a00000, 0x0000000085a00000| Untracked 
|  65|0x0000000085b00000, 0x0000000085b00000, 0x0000000085c00000|  0%| F|  |TAMS 0x0000000085b00000, 0x0000000085b00000| Untracked 
|  66|0x0000000085c00000, 0x0000000085c00000, 0x0000000085d00000|  0%| F|  |TAMS 0x0000000085c00000, 0x0000000085c00000| Untracked 
|  67|0x0000000085d00000, 0x0000000085d00000, 0x0000000085e00000|  0%| F|  |TAMS 0x0000000085d00000, 0x0000000085d00000| Untracked 
|  68|0x0000000085e00000, 0x0000000085e00000, 0x0000000085f00000|  0%| F|  |TAMS 0x0000000085e00000, 0x0000000085e00000| Untracked 
|  69|0x0000000085f00000, 0x0000000085f00000, 0x0000000086000000|  0%| F|  |TAMS 0x0000000085f00000, 0x0000000085f00000| Untracked 
|  70|0x0000000086000000, 0x0000000086000000, 0x0000000086100000|  0%| F|  |TAMS 0x0000000086000000, 0x0000000086000000| Untracked 
|  71|0x0000000086100000, 0x0000000086100000, 0x0000000086200000|  0%| F|  |TAMS 0x0000000086100000, 0x0000000086100000| Untracked 
|  72|0x0000000086200000, 0x0000000086200000, 0x0000000086300000|  0%| F|  |TAMS 0x0000000086200000, 0x0000000086200000| Untracked 
|  73|0x0000000086300000, 0x0000000086300000, 0x0000000086400000|  0%| F|  |TAMS 0x0000000086300000, 0x0000000086300000| Untracked 
|  74|0x0000000086400000, 0x0000000086400000, 0x0000000086500000|  0%| F|  |TAMS 0x0000000086400000, 0x0000000086400000| Untracked 
|  75|0x0000000086500000, 0x0000000086500000, 0x0000000086600000|  0%| F|  |TAMS 0x0000000086500000, 0x0000000086500000| Untracked 
|  76|0x0000000086600000, 0x0000000086600000, 0x0000000086700000|  0%| F|  |TAMS 0x0000000086600000, 0x0000000086600000| Untracked 
|  77|0x0000000086700000, 0x0000000086700000, 0x0000000086800000|  0%| F|  |TAMS 0x0000000086700000, 0x0000000086700000| Untracked 
|  78|0x0000000086800000, 0x0000000086800000, 0x0000000086900000|  0%| F|  |TAMS 0x0000000086800000, 0x0000000086800000| Untracked 
|  79|0x0000000086900000, 0x0000000086900000, 0x0000000086a00000|  0%| F|  |TAMS 0x0000000086900000, 0x0000000086900000| Untracked 
|  80|0x0000000086a00000, 0x0000000086a00000, 0x0000000086b00000|  0%| F|  |TAMS 0x0000000086a00000, 0x0000000086a00000| Untracked 
|  81|0x0000000086b00000, 0x0000000086b00000, 0x0000000086c00000|  0%| F|  |TAMS 0x0000000086b00000, 0x0000000086b00000| Untracked 
|  82|0x0000000086c00000, 0x0000000086c00000, 0x0000000086d00000|  0%| F|  |TAMS 0x0000000086c00000, 0x0000000086c00000| Untracked 
|  83|0x0000000086d00000, 0x0000000086d00000, 0x0000000086e00000|  0%| F|  |TAMS 0x0000000086d00000, 0x0000000086d00000| Untracked 
|  84|0x0000000086e00000, 0x0000000086e00000, 0x0000000086f00000|  0%| F|  |TAMS 0x0000000086e00000, 0x0000000086e00000| Untracked 
|  85|0x0000000086f00000, 0x0000000086f00000, 0x0000000087000000|  0%| F|  |TAMS 0x0000000086f00000, 0x0000000086f00000| Untracked 
|  86|0x0000000087000000, 0x0000000087000000, 0x0000000087100000|  0%| F|  |TAMS 0x0000000087000000, 0x0000000087000000| Untracked 
|  87|0x0000000087100000, 0x0000000087100000, 0x0000000087200000|  0%| F|  |TAMS 0x0000000087100000, 0x0000000087100000| Untracked 
|  88|0x0000000087200000, 0x0000000087200000, 0x0000000087300000|  0%| F|  |TAMS 0x0000000087200000, 0x0000000087200000| Untracked 
|  89|0x0000000087300000, 0x0000000087300000, 0x0000000087400000|  0%| F|  |TAMS 0x0000000087300000, 0x0000000087300000| Untracked 
|  90|0x0000000087400000, 0x0000000087400000, 0x0000000087500000|  0%| F|  |TAMS 0x0000000087400000, 0x0000000087400000| Untracked 
|  91|0x0000000087500000, 0x0000000087500000, 0x0000000087600000|  0%| F|  |TAMS 0x0000000087500000, 0x0000000087500000| Untracked 
|  92|0x0000000087600000, 0x0000000087600000, 0x0000000087700000|  0%| F|  |TAMS 0x0000000087600000, 0x0000000087600000| Untracked 
|  93|0x0000000087700000, 0x0000000087700000, 0x0000000087800000|  0%| F|  |TAMS 0x0000000087700000, 0x0000000087700000| Untracked 
|  94|0x0000000087800000, 0x0000000087800000, 0x0000000087900000|  0%| F|  |TAMS 0x0000000087800000, 0x0000000087800000| Untracked 
|  95|0x0000000087900000, 0x0000000087900000, 0x0000000087a00000|  0%| F|  |TAMS 0x0000000087900000, 0x0000000087900000| Untracked 
|  96|0x0000000087a00000, 0x0000000087a00000, 0x0000000087b00000|  0%| F|  |TAMS 0x0000000087a00000, 0x0000000087a00000| Untracked 
|  97|0x0000000087b00000, 0x0000000087b00000, 0x0000000087c00000|  0%| F|  |TAMS 0x0000000087b00000, 0x0000000087b00000| Untracked 
|  98|0x0000000087c00000, 0x0000000087c00000, 0x0000000087d00000|  0%| F|  |TAMS 0x0000000087c00000, 0x0000000087c00000| Untracked 
|  99|0x0000000087d00000, 0x0000000087d00000, 0x0000000087e00000|  0%| F|  |TAMS 0x0000000087d00000, 0x0000000087d00000| Untracked 
| 100|0x0000000087e00000, 0x0000000087e00000, 0x0000000087f00000|  0%| F|  |TAMS 0x0000000087e00000, 0x0000000087e00000| Untracked 
| 101|0x0000000087f00000, 0x0000000087f00000, 0x0000000088000000|  0%| F|  |TAMS 0x0000000087f00000, 0x0000000087f00000| Untracked 
| 102|0x0000000088000000, 0x0000000088000000, 0x0000000088100000|  0%| F|  |TAMS 0x0000000088000000, 0x0000000088000000| Untracked 
| 103|0x0000000088100000, 0x0000000088100000, 0x0000000088200000|  0%| F|  |TAMS 0x0000000088100000, 0x0000000088100000| Untracked 
| 104|0x0000000088200000, 0x0000000088200000, 0x0000000088300000|  0%| F|  |TAMS 0x0000000088200000, 0x0000000088200000| Untracked 
| 105|0x0000000088300000, 0x0000000088300000, 0x0000000088400000|  0%| F|  |TAMS 0x0000000088300000, 0x0000000088300000| Untracked 
| 106|0x0000000088400000, 0x0000000088400000, 0x0000000088500000|  0%| F|  |TAMS 0x0000000088400000, 0x0000000088400000| Untracked 
| 107|0x0000000088500000, 0x0000000088500000, 0x0000000088600000|  0%| F|  |TAMS 0x0000000088500000, 0x0000000088500000| Untracked 
| 108|0x0000000088600000, 0x0000000088600000, 0x0000000088700000|  0%| F|  |TAMS 0x0000000088600000, 0x0000000088600000| Untracked 
| 109|0x0000000088700000, 0x0000000088700000, 0x0000000088800000|  0%| F|  |TAMS 0x0000000088700000, 0x0000000088700000| Untracked 
| 110|0x0000000088800000, 0x0000000088800000, 0x0000000088900000|  0%| F|  |TAMS 0x0000000088800000, 0x0000000088800000| Untracked 
| 111|0x0000000088900000, 0x0000000088900000, 0x0000000088a00000|  0%| F|  |TAMS 0x0000000088900000, 0x0000000088900000| Untracked 
| 112|0x0000000088a00000, 0x0000000088a00000, 0x0000000088b00000|  0%| F|  |TAMS 0x0000000088a00000, 0x0000000088a00000| Untracked 
| 113|0x0000000088b00000, 0x0000000088b00000, 0x0000000088c00000|  0%| F|  |TAMS 0x0000000088b00000, 0x0000000088b00000| Untracked 
| 114|0x0000000088c00000, 0x0000000088c00000, 0x0000000088d00000|  0%| F|  |TAMS 0x0000000088c00000, 0x0000000088c00000| Untracked 
| 115|0x0000000088d00000, 0x0000000088d00000, 0x0000000088e00000|  0%| F|  |TAMS 0x0000000088d00000, 0x0000000088d00000| Untracked 
| 116|0x0000000088e00000, 0x0000000088e00000, 0x0000000088f00000|  0%| F|  |TAMS 0x0000000088e00000, 0x0000000088e00000| Untracked 
| 117|0x0000000088f00000, 0x0000000088f00000, 0x0000000089000000|  0%| F|  |TAMS 0x0000000088f00000, 0x0000000088f00000| Untracked 
| 118|0x0000000089000000, 0x0000000089000000, 0x0000000089100000|  0%| F|  |TAMS 0x0000000089000000, 0x0000000089000000| Untracked 
| 119|0x0000000089100000, 0x0000000089200000, 0x0000000089200000|100%| E|  |TAMS 0x0000000089100000, 0x0000000089100000| Complete 
| 120|0x0000000089200000, 0x0000000089300000, 0x0000000089300000|100%| E|CS|TAMS 0x0000000089200000, 0x0000000089200000| Complete 
| 121|0x0000000089300000, 0x0000000089400000, 0x0000000089400000|100%| E|  |TAMS 0x0000000089300000, 0x0000000089300000| Complete 
| 122|0x0000000089400000, 0x0000000089500000, 0x0000000089500000|100%| E|CS|TAMS 0x0000000089400000, 0x0000000089400000| Complete 
| 123|0x0000000089500000, 0x0000000089600000, 0x0000000089600000|100%| E|CS|TAMS 0x0000000089500000, 0x0000000089500000| Complete 
| 124|0x0000000089600000, 0x0000000089700000, 0x0000000089700000|100%| E|CS|TAMS 0x0000000089600000, 0x0000000089600000| Complete 
| 125|0x0000000089700000, 0x0000000089800000, 0x0000000089800000|100%| E|CS|TAMS 0x0000000089700000, 0x0000000089700000| Complete 
| 126|0x0000000089800000, 0x0000000089900000, 0x0000000089900000|100%| E|CS|TAMS 0x0000000089800000, 0x0000000089800000| Complete 
| 127|0x0000000089900000, 0x0000000089a00000, 0x0000000089a00000|100%| E|CS|TAMS 0x0000000089900000, 0x0000000089900000| Complete 

Card table byte_map: [0x0000022840810000,0x0000022840c10000] _byte_map_base: 0x0000022840403000

Marking Bits (Prev, Next): (CMBitMap*) 0x0000022829803f20, (CMBitMap*) 0x0000022829803f60
 Prev Bits: [0x0000022841010000, 0x0000022842fa8000)
 Next Bits: [0x0000022842fb0000, 0x0000022844f48000)

Polling page: 0x00000228276d0000

Metaspace:

Usage:
  Non-class:      7.81 MB used.
      Class:      1.02 MB used.
       Both:      8.82 MB used.

Virtual space:
  Non-class space:       64.00 MB reserved,       7.94 MB ( 12%) committed,  1 nodes.
      Class space:        1.00 GB reserved,       1.06 MB ( <1%) committed,  1 nodes.
             Both:        1.06 GB reserved,       9.00 MB ( <1%) committed. 

Chunk freelists:
   Non-Class:  126.00 KB
       Class:  2.75 MB
        Both:  2.87 MB

MaxMetaspaceSize: unlimited
CompressedClassSpaceSize: 1.00 GB
Initial GC threshold: 21.00 MB
Current GC threshold: 21.00 MB
CDS: on
MetaspaceReclaimPolicy: balanced
 - commit_granule_bytes: 65536.
 - commit_granule_words: 8192.
 - virtual_space_node_default_size: 8388608.
 - enlarge_chunks_in_place: 1.
 - new_chunks_are_fully_committed: 0.
 - uncommit_free_chunks: 1.
 - use_allocation_guard: 0.


Internal statistics:

num_allocs_failed_limit: 0.
num_arena_births: 118.
num_arena_deaths: 0.
num_vsnodes_births: 2.
num_vsnodes_deaths: 0.
num_space_committed: 144.
num_space_uncommitted: 0.
num_chunks_returned_to_freelist: 0.
num_chunks_taken_from_freelist: 164.
num_chunk_merges: 0.
num_chunk_splits: 98.
num_chunks_enlarged: 50.
num_inconsistent_stats: 0.

CodeHeap 'non-profiled nmethods': size=120000Kb used=266Kb max_used=266Kb free=119733Kb
 bounds [0x0000022838bb0000, 0x0000022838e20000, 0x00000228400e0000]
CodeHeap 'profiled nmethods': size=120000Kb used=1481Kb max_used=1481Kb free=118518Kb
 bounds [0x0000022831680000, 0x00000228318f0000, 0x0000022838bb0000]
CodeHeap 'non-nmethods': size=5760Kb used=1357Kb max_used=1374Kb free=4402Kb
 bounds [0x00000228310e0000, 0x0000022831350000, 0x0000022831680000]
 total_blobs=1581 nmethods=972 adapters=522
 compilation: enabled
              stopped_count=0, restarted_count=0
 full_count=0

Compilation events (20 events):
Event: 3.848 Thread 0x000002284793b260 nmethod 963 0x00000228317eeb10 code [0x00000228317eecc0, 0x00000228317eefa8]
Event: 3.848 Thread 0x000002284793b260  964       3       sun.font.SunFontManager::getInstance (9 bytes)
Event: 3.848 Thread 0x000002284793b260 nmethod 964 0x00000228317ef090 code [0x00000228317ef240, 0x00000228317ef448]
Event: 3.848 Thread 0x000002284793b260  965       3       sun.awt.Win32GraphicsConfig::getDefaultTransform (24 bytes)
Event: 3.848 Thread 0x000002284793b260 nmethod 965 0x00000228317ef510 code [0x00000228317ef6c0, 0x00000228317ef968]
Event: 3.848 Thread 0x000002284793b260  966       3       javax.swing.text.GapContent::length (17 bytes)
Event: 3.849 Thread 0x000002284793b260 nmethod 966 0x00000228317efa90 code [0x00000228317efc40, 0x00000228317eff18]
Event: 3.849 Thread 0x000002284793b260  967       3       javax.swing.text.GapContent::getArrayLength (11 bytes)
Event: 3.849 Thread 0x000002284793b260 nmethod 967 0x00000228317f0010 code [0x00000228317f01a0, 0x00000228317f03d8]
Event: 4.147 Thread 0x000002284793b260  968       3       java.awt.EventQueue::setCurrentEventAndMostRecentTime (8 bytes)
Event: 4.148 Thread 0x000002284793b260 nmethod 968 0x00000228317f0490 code [0x00000228317f0680, 0x00000228317f0b58]
Event: 4.148 Thread 0x000002284793b260  969       3       sun.awt.windows.WComponentPeer::postEvent (17 bytes)
Event: 4.149 Thread 0x000002284793b260 nmethod 969 0x00000228317f0d90 code [0x00000228317f0fa0, 0x00000228317f1618]
Event: 4.149 Thread 0x000002284793b260  970       3       sun.awt.windows.WWindowPeer::preprocessPostEvent (72 bytes)
Event: 4.149 Thread 0x000002284793b260 nmethod 970 0x00000228317f1890 code [0x00000228317f1a80, 0x00000228317f21f8]
Event: 4.152 Thread 0x000002284793b260  971       3       sun.awt.SunToolkit::isTouchKeyboardAutoShowEnabled (4 bytes)
Event: 4.152 Thread 0x000002284793b260 nmethod 971 0x00000228317f2390 code [0x00000228317f2520, 0x00000228317f2618]
Event: 4.153 Thread 0x000002284793b260  972   !   3       java.awt.DefaultKeyboardFocusManager::dispatchEvent (1621 bytes)
Event: 4.162 Thread 0x0000022847938960  975       4       java.util.ArrayList$Itr::next (66 bytes)
Event: 4.166 Thread 0x0000022847938960 nmethod 975 0x0000022838bf2410 code [0x0000022838bf25a0, 0x0000022838bf26d8]

GC Heap History (0 events):
No events

Deoptimization events (20 events):
Event: 0.744 Thread 0x00000228275fe990 Uncommon trap: trap_request=0xffffffc6 fr.pc=0x0000022838be6ce8 relative=0x00000000000003a8
Event: 0.744 Thread 0x00000228275fe990 Uncommon trap: reason=bimorphic_or_optimized_type_check action=maybe_recompile pc=0x0000022838be6ce8 method=java.util.HashMap.getNode(Ljava/lang/Object;)Ljava/util/HashMap$Node; @ 128 c2
Event: 0.744 Thread 0x00000228275fe990 DEOPT PACKING pc=0x0000022838be6ce8 sp=0x000000682c7feef0
Event: 0.744 Thread 0x00000228275fe990 DEOPT UNPACKING pc=0x00000228311323a3 sp=0x000000682c7fee88 mode 2
Event: 3.520 Thread 0x000002284bfd5f70 Uncommon trap: trap_request=0xffffffde fr.pc=0x0000022838bc0294 relative=0x0000000000000194
Event: 3.520 Thread 0x000002284bfd5f70 Uncommon trap: reason=class_check action=maybe_recompile pc=0x0000022838bc0294 method=java.lang.String.equals(Ljava/lang/Object;)Z @ 8 c2
Event: 3.520 Thread 0x000002284bfd5f70 DEOPT PACKING pc=0x0000022838bc0294 sp=0x000000682e0fe330
Event: 3.520 Thread 0x000002284bfd5f70 DEOPT UNPACKING pc=0x00000228311323a3 sp=0x000000682e0fe2d8 mode 2
Event: 3.520 Thread 0x000002284bfd5f70 Uncommon trap: trap_request=0xffffffde fr.pc=0x0000022838bc0294 relative=0x0000000000000194
Event: 3.520 Thread 0x000002284bfd5f70 Uncommon trap: reason=class_check action=maybe_recompile pc=0x0000022838bc0294 method=java.lang.String.equals(Ljava/lang/Object;)Z @ 8 c2
Event: 3.520 Thread 0x000002284bfd5f70 DEOPT PACKING pc=0x0000022838bc0294 sp=0x000000682e0fe330
Event: 3.520 Thread 0x000002284bfd5f70 DEOPT UNPACKING pc=0x00000228311323a3 sp=0x000000682e0fe2d8 mode 2
Event: 3.614 Thread 0x000002284bfd5f70 Uncommon trap: trap_request=0xffffffde fr.pc=0x0000022838bc0294 relative=0x0000000000000194
Event: 3.614 Thread 0x000002284bfd5f70 Uncommon trap: reason=class_check action=maybe_recompile pc=0x0000022838bc0294 method=java.lang.String.equals(Ljava/lang/Object;)Z @ 8 c2
Event: 3.614 Thread 0x000002284bfd5f70 DEOPT PACKING pc=0x0000022838bc0294 sp=0x000000682e0fe330
Event: 3.614 Thread 0x000002284bfd5f70 DEOPT UNPACKING pc=0x00000228311323a3 sp=0x000000682e0fe2d8 mode 2
Event: 3.614 Thread 0x000002284bfd5f70 Uncommon trap: trap_request=0xffffffde fr.pc=0x0000022838bc0294 relative=0x0000000000000194
Event: 3.614 Thread 0x000002284bfd5f70 Uncommon trap: reason=class_check action=maybe_recompile pc=0x0000022838bc0294 method=java.lang.String.equals(Ljava/lang/Object;)Z @ 8 c2
Event: 3.614 Thread 0x000002284bfd5f70 DEOPT PACKING pc=0x0000022838bc0294 sp=0x000000682e0fe330
Event: 3.614 Thread 0x000002284bfd5f70 DEOPT UNPACKING pc=0x00000228311323a3 sp=0x000000682e0fe2d8 mode 2

Classes loaded (20 events):
Event: 3.521 Loading class javax/swing/event/DocumentEvent$EventType
Event: 3.521 Loading class javax/swing/event/DocumentEvent$EventType done
Event: 3.522 Loading class javax/swing/event/DocumentEvent$ElementChange
Event: 3.522 Loading class javax/swing/event/DocumentEvent$ElementChange done
Event: 3.523 Loading class javax/swing/JLayer
Event: 3.523 Loading class javax/swing/JLayer done
Event: 3.523 Loading class javax/swing/text/AbstractDocument$UndoRedoDocumentEvent
Event: 3.523 Loading class javax/swing/text/AbstractDocument$UndoRedoDocumentEvent done
Event: 3.523 Loading class javax/swing/text/DefaultCaret$1
Event: 3.523 Loading class javax/swing/text/DefaultCaret$1 done
Event: 3.523 Loading class javax/swing/event/UndoableEditEvent
Event: 3.523 Loading class javax/swing/event/UndoableEditEvent done
Event: 3.523 Loading class javax/swing/text/AbstractDocument$DefaultDocumentEventUndoableWrapper
Event: 3.523 Loading class sun/swing/text/UndoableEditLockSupport
Event: 3.523 Loading class sun/swing/text/UndoableEditLockSupport done
Event: 3.523 Loading class javax/swing/text/AbstractDocument$DefaultDocumentEventUndoableWrapper done
Event: 3.523 Loading class javax/swing/event/UndoableEditListener
Event: 3.523 Loading class javax/swing/event/UndoableEditListener done
Event: 3.524 Loading class javax/swing/RepaintManager$3
Event: 3.524 Loading class javax/swing/RepaintManager$3 done

Classes unloaded (0 events):
No events

Classes redefined (0 events):
No events

Internal exceptions (16 events):
Event: 0.120 Thread 0x00000228275fe990 Exception <a 'sun/nio/fs/WindowsException'{0x00000000898363e0}> (0x00000000898363e0) 
thrown [s\open\src\hotspot\share\prims\jni.cpp, line 516]
Event: 0.120 Thread 0x00000228275fe990 Exception <a 'sun/nio/fs/WindowsException'{0x0000000089836a80}> (0x0000000089836a80) 
thrown [s\open\src\hotspot\share\prims\jni.cpp, line 516]
Event: 0.122 Thread 0x00000228275fe990 Exception <a 'sun/nio/fs/WindowsException'{0x0000000089839580}> (0x0000000089839580) 
thrown [s\open\src\hotspot\share\prims\jni.cpp, line 516]
Event: 0.222 Thread 0x00000228275fe990 Exception <a 'java/lang/ClassNotFoundException'{0x00000000897000a8}: sun/awt/resources/spi/awtProvider> (0x00000000897000a8) 
thrown [s\open\src\hotspot\share\classfile\systemDictionary.cpp, line 255]
Event: 0.249 Thread 0x00000228275fe990 Exception <a 'java/io/FileNotFoundException'{0x0000000089753a40}> (0x0000000089753a40) 
thrown [s\open\src\hotspot\share\prims\jni.cpp, line 516]
Event: 0.258 Thread 0x00000228275fe990 Exception <a 'java/io/FileNotFoundException'{0x0000000089780d10}> (0x0000000089780d10) 
thrown [s\open\src\hotspot\share\prims\jni.cpp, line 516]
Event: 0.317 Thread 0x00000228275fe990 Exception <a 'java/lang/NoSuchMethodError'{0x00000000897c6b90}: 'java.lang.Object java.lang.invoke.DirectMethodHandle$Holder.invokeStaticInit(java.lang.Object)'> (0x00000000897c6b90) 
thrown [s\open\src\hotspot\share\interpreter\linkResolver.cpp, line 766]
Event: 0.362 Thread 0x00000228275fe990 Exception <a 'java/lang/NoSuchMethodError'{0x0000000089624ab0}: 'void java.lang.invoke.DirectMethodHandle$Holder.invokeSpecial(java.lang.Object, java.lang.Object, java.lang.Object)'> (0x0000000089624ab0) 
thrown [s\open\src\hotspot\share\interpreter\linkResolver.cpp, line 766]
Event: 0.373 Thread 0x00000228275fe990 Exception <a 'java/lang/NoSuchMethodError'{0x000000008964fbd0}: 'java.lang.Object java.lang.invoke.DirectMethodHandle$Holder.newInvokeSpecial(java.lang.Object, java.lang.Object, java.lang.Object, java.lang.Object, java.lang.Object)'> (0x000000008964fbd0) 
thrown [s\open\src\hotspot\share\interpreter\linkResolver.cpp, line 766]
Event: 0.381 Thread 0x00000228275fe990 Exception <a 'java/lang/NoSuchMethodError'{0x00000000896f75c0}: 'java.lang.Object java.lang.invoke.DirectMethodHandle$Holder.invokeStatic(java.lang.Object, int, java.lang.Object)'> (0x00000000896f75c0) 
thrown [s\open\src\hotspot\share\interpreter\linkResolver.cpp, line 766]
Event: 0.413 Thread 0x00000228275fe990 Exception <a 'java/lang/ClassNotFoundException'{0x00000000895b4538}: com/sun/swing/internal/plaf/metal/resources/spi/metalProvider> (0x00000000895b4538) 
thrown [s\open\src\hotspot\share\classfile\systemDictionary.cpp, line 255]
Event: 0.414 Thread 0x00000228275fe990 Exception <a 'java/lang/ClassNotFoundException'{0x00000000895b85c0}: com/sun/swing/internal/plaf/basic/resources/spi/basicProvider> (0x00000000895b85c0) 
thrown [s\open\src\hotspot\share\classfile\systemDictionary.cpp, line 255]
Event: 0.425 Thread 0x00000228275fe990 Exception <a 'java/lang/NoSuchMethodError'{0x00000000895d8970}: 'int java.lang.invoke.Invokers$Holder.invokeExact_MT(java.lang.Object, java.lang.Object)'> (0x00000000895d8970) 
thrown [s\open\src\hotspot\share\interpreter\linkResolver.cpp, line 766]
Event: 0.440 Thread 0x000002284bf276c0 Exception <a 'java/lang/NoSuchMethodError'{0x00000000897fb6e8}: 'void java.lang.invoke.DirectMethodHandle$Holder.invokeVirtual(java.lang.Object, java.lang.Object)'> (0x00000000897fb6e8) 
thrown [s\open\src\hotspot\share\interpreter\linkResolver.cpp, line 766]
Event: 0.461 Thread 0x00000228275fe990 Exception <a 'java/lang/NoSuchMethodError'{0x000000008948e000}: 'void java.lang.invoke.DirectMethodHandle$Holder.invokeStaticInit(java.lang.Object)'> (0x000000008948e000) 
thrown [s\open\src\hotspot\share\interpreter\linkResolver.cpp, line 766]
Event: 0.682 Thread 0x00000228275fe990 Exception <a 'java/lang/NoSuchMethodError'{0x00000000893429f8}: 'void java.lang.invoke.DirectMethodHandle$Holder.invokeStatic(java.lang.Object, java.lang.Object, java.lang.Object)'> (0x00000000893429f8) 
thrown [s\open\src\hotspot\share\interpreter\linkResolver.cpp, line 766]

VM Operations (20 events):
Event: 0.276 Executing VM operation: ChangeBreakpoints
Event: 0.276 Executing VM operation: ChangeBreakpoints done
Event: 0.433 Executing VM operation: ChangeBreakpoints
Event: 0.433 Executing VM operation: ChangeBreakpoints done
Event: 0.433 Executing VM operation: ChangeBreakpoints
Event: 0.433 Executing VM operation: ChangeBreakpoints done
Event: 0.446 Executing VM operation: HandshakeAllThreads
Event: 0.446 Executing VM operation: HandshakeAllThreads done
Event: 0.631 Executing VM operation: HandshakeAllThreads
Event: 0.631 Executing VM operation: HandshakeAllThreads done
Event: 0.673 Executing VM operation: HandshakeAllThreads
Event: 0.673 Executing VM operation: HandshakeAllThreads done
Event: 0.719 Executing VM operation: ChangeBreakpoints
Event: 0.719 Executing VM operation: ChangeBreakpoints done
Event: 1.728 Executing VM operation: Cleanup
Event: 1.729 Executing VM operation: Cleanup done
Event: 2.736 Executing VM operation: Cleanup
Event: 2.736 Executing VM operation: Cleanup done
Event: 3.743 Executing VM operation: Cleanup
Event: 3.743 Executing VM operation: Cleanup done

Events (20 events):
Event: 0.099 Thread 0x00000228478faaa0 Thread added: 0x00000228478faaa0
Event: 0.116 Loaded shared library C:\Program Files\Java\jdk-18.0.1.1\bin\net.dll
Event: 0.118 Loaded shared library C:\Program Files\Java\jdk-18.0.1.1\bin\nio.dll
Event: 0.152 Thread 0x000002284bd971e0 Thread added: 0x000002284bd971e0
Event: 0.152 Thread 0x000002284bda2580 Thread added: 0x000002284bda2580
Event: 0.152 Thread 0x000002284bda2a60 Thread added: 0x000002284bda2a60
Event: 0.179 Thread 0x000002284bd582b0 Thread added: 0x000002284bd582b0
Event: 0.190 Loaded shared library C:\Program Files\Java\jdk-18.0.1.1\bin\zip.dll
Event: 0.200 Loaded shared library C:\Program Files\Java\jdk-18.0.1.1\bin\verify.dll
Event: 0.213 Loaded shared library C:\Program Files\Java\jdk-18.0.1.1\bin\jimage.dll
Event: 0.234 Loaded shared library C:\Program Files\Java\jdk-18.0.1.1\bin\awt.dll
Event: 0.319 Thread 0x000002284bf15420 Thread added: 0x000002284bf15420
Event: 0.320 Thread 0x000002284bf1a9d0 Thread added: 0x000002284bf1a9d0
Event: 0.323 Thread 0x000002284bf276c0 Thread added: 0x000002284bf276c0
Event: 0.430 Thread 0x000002284bfd5f70 Thread added: 0x000002284bfd5f70
Event: 0.468 Loaded shared library C:\Program Files\Java\jdk-18.0.1.1\bin\freetype.dll
Event: 0.469 Loaded shared library C:\Program Files\Java\jdk-18.0.1.1\bin\fontmanager.dll
Event: 0.564 Thread 0x000002284ca2ad80 Thread added: 0x000002284ca2ad80
Event: 0.704 Thread 0x000002284ca96d30 Thread added: 0x000002284ca96d30
Event: 0.747 Thread 0x000002284ca95ec0 Thread added: 0x000002284ca95ec0


Dynamic libraries:
0x00007ff615e80000 - 0x00007ff615e90000 	C:\Program Files\Java\jdk-18.0.1.1\bin\java.exe
0x00007ff9fd350000 - 0x00007ff9fd548000 	C:\WINDOWS\SYSTEM32\ntdll.dll
0x00007ff9fb590000 - 0x00007ff9fb64f000 	C:\WINDOWS\System32\KERNEL32.DLL
0x00007ff9fb0c0000 - 0x00007ff9fb392000 	C:\WINDOWS\System32\KERNELBASE.dll
0x00007ff9faac0000 - 0x00007ff9fabc0000 	C:\WINDOWS\System32\ucrtbase.dll
0x00007ff9e7120000 - 0x00007ff9e7138000 	C:\Program Files\Java\jdk-18.0.1.1\bin\jli.dll
0x00007ff9fd170000 - 0x00007ff9fd21e000 	C:\WINDOWS\System32\ADVAPI32.dll
0x00007ff9fce00000 - 0x00007ff9fce9e000 	C:\WINDOWS\System32\msvcrt.dll
0x00007ff9fcea0000 - 0x00007ff9fcf3c000 	C:\WINDOWS\System32\sechost.dll
0x00007ff9fb3a0000 - 0x00007ff9fb4c4000 	C:\WINDOWS\System32\RPCRT4.dll
0x00007ff9fb650000 - 0x00007ff9fb7f1000 	C:\WINDOWS\System32\USER32.dll
0x00007ff9fabc0000 - 0x00007ff9fabe2000 	C:\WINDOWS\System32\win32u.dll
0x00007ff9fbe00000 - 0x00007ff9fbe2b000 	C:\WINDOWS\System32\GDI32.dll
0x00007ff9fabf0000 - 0x00007ff9facff000 	C:\WINDOWS\System32\gdi32full.dll
0x00007ff9f6e10000 - 0x00007ff9f6e2a000 	C:\Program Files\Java\jdk-18.0.1.1\bin\VCRUNTIME140.dll
0x00007ff9fb020000 - 0x00007ff9fb0bd000 	C:\WINDOWS\System32\msvcp_win.dll
0x00007ff9e7ca0000 - 0x00007ff9e7f3a000 	C:\WINDOWS\WinSxS\amd64_microsoft.windows.common-controls_6595b64144ccf1df_6.0.19041.1110_none_60b5254171f9507e\COMCTL32.dll
0x00007ff9eb050000 - 0x00007ff9eb05a000 	C:\WINDOWS\SYSTEM32\VERSION.dll
0x00007ff9fd140000 - 0x00007ff9fd170000 	C:\WINDOWS\System32\IMM32.DLL
0x00007ff9f6da0000 - 0x00007ff9f6dac000 	C:\Program Files\Java\jdk-18.0.1.1\bin\vcruntime140_1.dll
0x00007ff9e2b20000 - 0x00007ff9e2bad000 	C:\Program Files\Java\jdk-18.0.1.1\bin\msvcp140.dll
0x00007ff9c94d0000 - 0x00007ff9ca0e0000 	C:\Program Files\Java\jdk-18.0.1.1\bin\server\jvm.dll
0x00007ff9fbe30000 - 0x00007ff9fbe38000 	C:\WINDOWS\System32\PSAPI.DLL
0x00007ff9f8370000 - 0x00007ff9f8379000 	C:\WINDOWS\SYSTEM32\WSOCK32.dll
0x00007ff9e7780000 - 0x00007ff9e77a7000 	C:\WINDOWS\SYSTEM32\WINMM.dll
0x00007ff9fca60000 - 0x00007ff9fcacb000 	C:\WINDOWS\System32\WS2_32.dll
0x00007ff9f8910000 - 0x00007ff9f8922000 	C:\WINDOWS\SYSTEM32\kernel.appcore.dll
0x00007ff9f6a90000 - 0x00007ff9f6a9a000 	C:\Program Files\Java\jdk-18.0.1.1\bin\jimage.dll
0x00007ff9e88a0000 - 0x00007ff9e8a84000 	C:\WINDOWS\SYSTEM32\DBGHELP.DLL
0x00007ff9e8490000 - 0x00007ff9e84c5000 	C:\WINDOWS\SYSTEM32\dbgcore.DLL
0x00007ff9faf40000 - 0x00007ff9fafc2000 	C:\WINDOWS\System32\bcryptPrimitives.dll
0x00007ff9e13f0000 - 0x00007ff9e142b000 	C:\Program Files\Java\jdk-18.0.1.1\bin\jdwp.dll
0x00007ff9f3780000 - 0x00007ff9f37a5000 	C:\Program Files\Java\jdk-18.0.1.1\bin\java.dll
0x00007ff9e2bb0000 - 0x00007ff9e2c86000 	C:\Program Files\Java\jdk-18.0.1.1\bin\jsvml.dll
0x00007ff9fbe40000 - 0x00007ff9fc585000 	C:\WINDOWS\System32\SHELL32.dll
0x00007ff9f8b10000 - 0x00007ff9f92a2000 	C:\WINDOWS\SYSTEM32\windows.storage.dll
0x00007ff9fb970000 - 0x00007ff9fbcc5000 	C:\WINDOWS\System32\combase.dll
0x00007ff9fa4b0000 - 0x00007ff9fa4e0000 	C:\WINDOWS\SYSTEM32\Wldp.dll
0x00007ff9fb860000 - 0x00007ff9fb90d000 	C:\WINDOWS\System32\SHCORE.dll
0x00007ff9fc590000 - 0x00007ff9fc5e5000 	C:\WINDOWS\System32\shlwapi.dll
0x00007ff9fa990000 - 0x00007ff9fa9af000 	C:\WINDOWS\SYSTEM32\profapi.dll
0x00007ff9f6800000 - 0x00007ff9f6813000 	C:\Program Files\Java\jdk-18.0.1.1\bin\net.dll
0x00007ff9f2b50000 - 0x00007ff9f2c5a000 	C:\WINDOWS\SYSTEM32\WINHTTP.dll
0x00007ff9fa210000 - 0x00007ff9fa27a000 	C:\WINDOWS\system32\mswsock.dll
0x00007ff9f1bd0000 - 0x00007ff9f1be6000 	C:\Program Files\Java\jdk-18.0.1.1\bin\nio.dll
0x00007ff9f6e00000 - 0x00007ff9f6e0b000 	C:\Program Files\Java\jdk-18.0.1.1\bin\dt_shmem.dll
0x00007ff9f1820000 - 0x00007ff9f1838000 	C:\Program Files\Java\jdk-18.0.1.1\bin\zip.dll
0x00007ff9f6a80000 - 0x00007ff9f6a90000 	C:\Program Files\Java\jdk-18.0.1.1\bin\verify.dll
0x00007ff9d3e90000 - 0x00007ff9d401f000 	C:\Program Files\Java\jdk-18.0.1.1\bin\awt.dll
0x00007ff9fcd30000 - 0x00007ff9fcdfd000 	C:\WINDOWS\System32\OLEAUT32.dll
0x00007ff9f8390000 - 0x00007ff9f8420000 	C:\WINDOWS\SYSTEM32\apphelp.dll
0x00007ff9f8730000 - 0x00007ff9f875f000 	C:\WINDOWS\system32\DWMAPI.DLL
0x00007ff9f8430000 - 0x00007ff9f84ce000 	C:\WINDOWS\system32\uxtheme.dll
0x00007ff9d8d00000 - 0x00007ff9d8e25000 	C:\WINDOWS\system32\opengl32.dll
0x00007ff9ea590000 - 0x00007ff9ea5bc000 	C:\WINDOWS\SYSTEM32\GLU32.dll
0x00007ff9fd020000 - 0x00007ff9fd134000 	C:\WINDOWS\System32\MSCTF.dll
0x00007ff9fbcd0000 - 0x00007ff9fbdfa000 	C:\WINDOWS\System32\ole32.dll
0x00007ff9e2780000 - 0x00007ff9e2809000 	C:\Program Files\Java\jdk-18.0.1.1\bin\freetype.dll
0x00007ff9d7d50000 - 0x00007ff9d7df8000 	C:\Program Files\Java\jdk-18.0.1.1\bin\fontmanager.dll
0x00007ff9fb4e0000 - 0x00007ff9fb589000 	C:\WINDOWS\System32\clbcatq.dll
0x00007ff9f2990000 - 0x00007ff9f2b44000 	C:\WINDOWS\SYSTEM32\WindowsCodecs.dll
0x00007ff9fad00000 - 0x00007ff9fad27000 	C:\WINDOWS\System32\bcrypt.dll
0x00007ff9e9590000 - 0x00007ff9e95ce000 	C:\WINDOWS\system32\dataexchange.dll
0x00007ff9f6ad0000 - 0x00007ff9f6d33000 	C:\WINDOWS\system32\d3d11.dll
0x00007ff9f79b0000 - 0x00007ff9f7b93000 	C:\WINDOWS\system32\dcomp.dll
0x00007ff9f9430000 - 0x00007ff9f9523000 	C:\WINDOWS\system32\dxgi.dll
0x00007ff9f2f00000 - 0x00007ff9f3100000 	C:\WINDOWS\system32\twinapi.appcore.dll
0x00007ff9f1900000 - 0x00007ff9f19f9000 	C:\WINDOWS\SYSTEM32\textinputframework.dll
0x00007ff9f7e00000 - 0x00007ff9f815e000 	C:\WINDOWS\System32\CoreUIComponents.dll
0x00007ff9f8160000 - 0x00007ff9f8252000 	C:\WINDOWS\System32\CoreMessaging.dll
0x00007ff9f9be0000 - 0x00007ff9f9c13000 	C:\WINDOWS\SYSTEM32\ntmarta.dll
0x00007ff9f7ba0000 - 0x00007ff9f7cf4000 	C:\WINDOWS\SYSTEM32\wintypes.dll
0x00007ff9f9eb0000 - 0x00007ff9f9eeb000 	C:\WINDOWS\SYSTEM32\IPHLPAPI.DLL
0x00007ff9fb4d0000 - 0x00007ff9fb4d8000 	C:\WINDOWS\System32\NSI.dll
0x00007ff9f3a50000 - 0x00007ff9f3a67000 	C:\WINDOWS\SYSTEM32\dhcpcsvc6.DLL
0x00007ff9f3980000 - 0x00007ff9f399d000 	C:\WINDOWS\SYSTEM32\dhcpcsvc.DLL
0x00007ff9f9f40000 - 0x00007ff9fa00b000 	C:\WINDOWS\SYSTEM32\DNSAPI.dll

dbghelp: loaded successfully - version: 4.0.5 - missing functions: none
symbol engine: initialized successfully - sym options: 0x614 - pdb path: .;C:\Program Files\Java\jdk-18.0.1.1\bin;C:\WINDOWS\SYSTEM32;C:\WINDOWS\WinSxS\amd64_microsoft.windows.common-controls_6595b64144ccf1df_6.0.19041.1110_none_60b5254171f9507e;C:\Program Files\Java\jdk-18.0.1.1\bin\server

VM Arguments:
jvm_args: -Dfile.encoding=UTF-8 -agentlib:jdwp=transport=dt_shmem,address=javadebug --module-path=C:\Users\BitComando\OneDrive\Documents\IFSC\Ciência da Computação\Fase 3\Rede de Computadores\Parte1\UDPMulticast\build\classes 
java_command: udpmulticast.UDPMulticast 224.0.0.2
java_class_path (initial): C:\Users\BitComando\OneDrive\Documents\IFSC\Ciência da Computação\Fase 3\Rede de Computadores\Parte1\UDPMulticast\dist\json-simple-1.1.1.jar;C:\Users\BitComando\OneDrive\Documents\IFSC\Ciência da Computação\Fase 3\Rede de Computadores\Parte1\UDPMulticast\build\classes
Launcher Type: SUN_STANDARD

[Global flags]
     intx CICompilerCount                          = 4                                         {product} {ergonomic}
     uint ConcGCThreads                            = 2                                         {product} {ergonomic}
     uint G1ConcRefinementThreads                  = 8                                         {product} {ergonomic}
   size_t G1HeapRegionSize                         = 1048576                                   {product} {ergonomic}
    uintx GCDrainStackTargetSize                   = 64                                        {product} {ergonomic}
   size_t InitialHeapSize                          = 134217728                                 {product} {ergonomic}
   size_t MarkStackSize                            = 4194304                                   {product} {ergonomic}
   size_t MaxHeapSize                              = 2120220672                                {product} {ergonomic}
   size_t MaxNewSize                               = 1271922688                                {product} {ergonomic}
   size_t MinHeapDeltaBytes                        = 1048576                                   {product} {ergonomic}
   size_t MinHeapSize                              = 8388608                                   {product} {ergonomic}
    uintx NonNMethodCodeHeapSize                   = 5839372                                {pd product} {ergonomic}
    uintx NonProfiledCodeHeapSize                  = 122909434                              {pd product} {ergonomic}
    uintx ProfiledCodeHeapSize                     = 122909434                              {pd product} {ergonomic}
    uintx ReservedCodeCacheSize                    = 251658240                              {pd product} {ergonomic}
     bool SegmentedCodeCache                       = true                                      {product} {ergonomic}
   size_t SoftMaxHeapSize                          = 2120220672                             {manageable} {ergonomic}
     bool UseCompressedClassPointers               = true                           {product lp64_product} {ergonomic}
     bool UseCompressedOops                        = true                           {product lp64_product} {ergonomic}
     bool UseG1GC                                  = true                                      {product} {ergonomic}
     bool UseLargePagesIndividualAllocation        = false                                  {pd product} {ergonomic}

Logging:
Log output configuration:
 #0: stdout all=warning uptime,level,tags foldmultilines=false
 #1: stderr all=off uptime,level,tags foldmultilines=false

Environment Variables:
PATH=C:\Program Files (x86)\NVIDIA Corporation\PhysX\Common;C:\Program Files\Common Files\Oracle\Java\javapath;C:\Program Files (x86)\Common Files\Oracle\Java\javapath;C:\Program Files (x86)\Java\jdk1.8.0_321\bin;C:\Windows\system32;C:\Windows;C:\Windows\System32\Wbem;C:\Windows\System32\WindowsPowerShell\v1.0\;C:\Windows\System32\OpenSSH\;C:\Program Files\dotnet\;C:\Program Files\Microsoft SQL Server\150\Tools\Binn\;C:\Program Files\Microsoft SQL Server\Client SDK\ODBC\170\Tools\Binn\;C:\Program Files\Git\cmd;C:\Program Files\Microsoft VS Code\bin;;%SystemRoot%\system32;%SystemRoot%;%SystemRoot%\System32\Wbem;%SYSTEMROOT%\System32\WindowsPowerShell\v1.0\;%SYSTEMROOT%\System32\OpenSSH\;C:\Users\BitComando\AppData\Local\Microsoft\WindowsApps;C:\Users\BitComando\.dotnet\tools;
USERNAME=LaisVarela
OS=Windows_NT
PROCESSOR_IDENTIFIER=Intel64 Family 6 Model 58 Stepping 9, GenuineIntel



---------------  S Y S T E M  ---------------

OS:
 Windows 10 , 64 bit Build 19041 (10.0.19041.2546)
OS uptime: 13 days 22:33 hours

CPU: total 8 (initial active 8) (4 cores per cpu, 2 threads per core) family 6 model 58 stepping 9 microcode 0x21, cx8, cmov, fxsr, ht, mmx, sse, sse2, sse3, ssse3, sse4.1, sse4.2, popcnt, tsc, tscinvbit, avx, aes, erms, clmul, vzeroupper, clflush

Memory: 4k page, system-wide physical 8084M (1590M free)
TotalPageFile size 32660M (AvailPageFile size 4M)
current process WorkingSet (physical memory assigned to process): 65M, peak: 65M
current process commit charge ("private bytes"): 229M, peak: 229M

vm_info: Java HotSpot(TM) 64-Bit Server VM (18.0.1.1+2-6) for windows-amd64 JRE (18.0.1.1+2-6), built on Apr 25 2022 21:53:15 by "mach5one" with MS VC++ 16.8 / 16.9 (VS2019)

END.
