#
# There is insufficient memory for the Java Runtime Environment to continue.
# Native memory allocation (malloc) failed to allocate 108960 bytes for Chunk::new
# Possible reasons:
#   The system is out of physical RAM or swap space
#   The process is running with CompressedOops enabled, and the Java Heap may be blocking the growth of the native heap
# Possible solutions:
#   Reduce memory load on the system
#   Increase physical memory or swap space
#   Check if swap backing store is full
#   Decrease Java heap size (-Xmx/-Xms)
#   Decrease number of Java threads
#   Decrease Java thread stack sizes (-Xss)
#   Set larger code cache with -XX:ReservedCodeCacheSize=
#   JVM is running with Unscaled Compressed Oops mode in which the Java heap is
#     placed in the first 4GB address space. The Java Heap base address is the
#     maximum limit for the native heap growth. Please use -XX:HeapBaseMinAddress
#     to set the Java Heap base and to place the Java Heap above 4GB virtual address.
# This output file may be truncated or incomplete.
#
#  Out of Memory Error (arena.cpp:184), pid=16348, tid=16316
#
# JRE version: Java(TM) SE Runtime Environment (18.0.1.1+2) (build 18.0.1.1+2-6)
# Java VM: Java HotSpot(TM) 64-Bit Server VM (18.0.1.1+2-6, mixed mode, sharing, tiered, compressed oops, compressed class ptrs, g1 gc, windows-amd64)
# No core dump will be written. Minidumps are not enabled by default on client versions of Windows
#

---------------  S U M M A R Y ------------

Command Line: -Dfile.encoding=UTF-8 --module-path=C:\Users\BitComando\OneDrive\Documents\IFSC\Ciência da Computação\Fase 3\Rede de Computadores\Parte1\UDPMulticast\build\classes udpmulticast.UDPMulticast

Host: Intel(R) Core(TM) i7-3612QM CPU @ 2.10GHz, 8 cores, 7G,  Windows 10 , 64 bit Build 19041 (10.0.19041.2546)
Time: Tue Apr 11 18:43:58 2023 Hora oficial do Brasil elapsed time: 47.263562 seconds (0d 0h 0m 47s)

---------------  T H R E A D  ---------------

Current thread (0x00000279f9a322f0):  JavaThread "C2 CompilerThread0" daemon [_thread_in_native, id=16316, stack(0x000000fac1c00000,0x000000fac1d00000)]


Current CompileTask:
C2:  47263 1411       4       java.awt.EventQueue::getNextEventPrivate (76 bytes)

Stack: [0x000000fac1c00000,0x000000fac1d00000]
Native frames: (J=compiled Java code, j=interpreted, Vv=VM code, C=native code)
V  [jvm.dll+0x69887a]
V  [jvm.dll+0x7f38bd]
V  [jvm.dll+0x7f51ce]
V  [jvm.dll+0x7f5883]
V  [jvm.dll+0x25ca3f]
V  [jvm.dll+0xb8c2f]
V  [jvm.dll+0xb8fa5]
V  [jvm.dll+0x385a6b]
V  [jvm.dll+0x34f811]
V  [jvm.dll+0x34ecaa]
V  [jvm.dll+0x22fc21]
V  [jvm.dll+0x22eff1]
V  [jvm.dll+0x1b9cfc]
V  [jvm.dll+0x23e8ca]
V  [jvm.dll+0x23cbb5]
V  [jvm.dll+0x7a5fb1]
V  [jvm.dll+0x7a03ea]
V  [jvm.dll+0x697725]
C  [ucrtbase.dll+0x21bb2]
C  [KERNEL32.DLL+0x17614]
C  [ntdll.dll+0x526a1]


---------------  P R O C E S S  ---------------

Threads class SMR info:
_java_thread_list=0x00000279fdc54d00, length=20, elements={
0x00000279db87fd20, 0x00000279f9a0aed0, 0x00000279f9a0da50, 0x00000279f9a27bb0,
0x00000279f9a28460, 0x00000279f9a28d10, 0x00000279f9a295c0, 0x00000279f9a322f0,
0x00000279f9a38230, 0x00000279f9a38c60, 0x00000279fdc2a9f0, 0x00000279fdcf9630,
0x00000279fddd8d80, 0x00000279fdddbd00, 0x00000279fdddec80, 0x00000279fdf2a370,
0x00000279feb8b270, 0x00000279feb8b740, 0x00000279feb88720, 0x00000279feb87d80
}

Java Threads: ( => current thread )
  0x00000279db87fd20 JavaThread "main" [_thread_blocked, id=2428, stack(0x000000fac0f00000,0x000000fac1000000)]
  0x00000279f9a0aed0 JavaThread "Reference Handler" daemon [_thread_blocked, id=7584, stack(0x000000fac1600000,0x000000fac1700000)]
  0x00000279f9a0da50 JavaThread "Finalizer" daemon [_thread_blocked, id=148, stack(0x000000fac1700000,0x000000fac1800000)]
  0x00000279f9a27bb0 JavaThread "Signal Dispatcher" daemon [_thread_blocked, id=17360, stack(0x000000fac1800000,0x000000fac1900000)]
  0x00000279f9a28460 JavaThread "Attach Listener" daemon [_thread_blocked, id=5460, stack(0x000000fac1900000,0x000000fac1a00000)]
  0x00000279f9a28d10 JavaThread "Service Thread" daemon [_thread_blocked, id=2992, stack(0x000000fac1a00000,0x000000fac1b00000)]
  0x00000279f9a295c0 JavaThread "Monitor Deflation Thread" daemon [_thread_blocked, id=15492, stack(0x000000fac1b00000,0x000000fac1c00000)]
=>0x00000279f9a322f0 JavaThread "C2 CompilerThread0" daemon [_thread_in_native, id=16316, stack(0x000000fac1c00000,0x000000fac1d00000)]
  0x00000279f9a38230 JavaThread "C1 CompilerThread0" daemon [_thread_blocked, id=3656, stack(0x000000fac1d00000,0x000000fac1e00000)]
  0x00000279f9a38c60 JavaThread "Sweeper thread" daemon [_thread_blocked, id=9416, stack(0x000000fac1e00000,0x000000fac1f00000)]
  0x00000279fdc2a9f0 JavaThread "Common-Cleaner" daemon [_thread_blocked, id=7768, stack(0x000000fac1f00000,0x000000fac2000000)]
  0x00000279fdcf9630 JavaThread "Notification Thread" daemon [_thread_blocked, id=16100, stack(0x000000fac2000000,0x000000fac2100000)]
  0x00000279fddd8d80 JavaThread "Java2D Disposer" daemon [_thread_blocked, id=17836, stack(0x000000fac2200000,0x000000fac2300000)]
  0x00000279fdddbd00 JavaThread "AWT-Shutdown" [_thread_blocked, id=15764, stack(0x000000fac2300000,0x000000fac2400000)]
  0x00000279fdddec80 JavaThread "AWT-Windows" daemon [_thread_in_native, id=6644, stack(0x000000fac2400000,0x000000fac2500000)]
  0x00000279fdf2a370 JavaThread "AWT-EventQueue-0" [_thread_blocked, id=15364, stack(0x000000fac2500000,0x000000fac2600000)]
  0x00000279feb8b270 JavaThread "TimerQueue" daemon [_thread_blocked, id=2104, stack(0x000000fac2900000,0x000000fac2a00000)]
  0x00000279feb8b740 JavaThread "Thread-0" [_thread_in_native, id=13384, stack(0x000000fac2a00000,0x000000fac2b00000)]
  0x00000279feb88720 JavaThread "SwingWorker-pool-1-thread-1" daemon [_thread_blocked, id=6332, stack(0x000000fac2b00000,0x000000fac2c00000)]
  0x00000279feb87d80 JavaThread "SwingWorker-pool-1-thread-2" daemon [_thread_blocked, id=14036, stack(0x000000fac2c00000,0x000000fac2d00000)]

Other Threads:
  0x00000279db8f89c0 VMThread "VM Thread" [stack: 0x000000fac1500000,0x000000fac1600000] [id=11428]
  0x00000279fdd442f0 WatcherThread "VM Periodic Task Thread" [stack: 0x000000fac2100000,0x000000fac2200000] [id=17252]
  0x00000279db8dcdd0 WorkerThread "GC Thread#0" [stack: 0x000000fac1000000,0x000000fac1100000] [id=14964]
  0x00000279db8ef8f0 ConcurrentGCThread "G1 Main Marker" [stack: 0x000000fac1100000,0x000000fac1200000] [id=11260]
  0x00000279db8f1200 WorkerThread "G1 Conc#0" [stack: 0x000000fac1200000,0x000000fac1300000] [id=2872]
  0x00000279db946e70 ConcurrentGCThread "G1 Refine#0" [stack: 0x000000fac1300000,0x000000fac1400000] [id=15084]
  0x00000279db947690 ConcurrentGCThread "G1 Service" [stack: 0x000000fac1400000,0x000000fac1500000] [id=2624]

Threads with active compile tasks:
C2 CompilerThread0    47311 1411       4       java.awt.EventQueue::getNextEventPrivate (76 bytes)

VM state: not at safepoint (normal execution)

VM Mutex/Monitor currently owned by a thread: None

Heap address: 0x0000000081a00000, size: 2022 MB, Compressed Oops mode: 32-bit

CDS archive(s) mapped at: [0x0000000800000000-0x0000000800ba0000-0x0000000800ba0000), size 12189696, SharedBaseAddress: 0x0000000800000000, ArchiveRelocationMode: 0.
Compressed class space mapped at: 0x0000000800c00000-0x0000000840c00000, reserved size: 1073741824
Narrow klass base: 0x0000000800000000, Narrow klass shift: 0, Narrow klass range: 0x100000000

GC Precious Log:
 CardTable entry size: 512
 Card Set container configuration: InlinePtr #cards 5 size 8 Array Of Cards #cards 12 size 40 Howl #buckets 4 coarsen threshold 1843 Howl Bitmap #cards 512 size 80 coarsen threshold 460 Card regions per heap region 1 cards per card region 2048
 CPUs: 8 total, 8 available
 Memory: 8084M
 Large Page Support: Disabled
 NUMA Support: Disabled
 Compressed Oops: Enabled (32-bit)
 Heap Region Size: 1M
 Heap Min Capacity: 8M
 Heap Initial Capacity: 128M
 Heap Max Capacity: 2022M
 Pre-touch: Disabled
 Parallel Workers: 8
 Concurrent Workers: 2
 Concurrent Refinement Workers: 8
 Periodic GC: Disabled

Heap:
 garbage-first heap   total 131072K, used 12288K [0x0000000081a00000, 0x0000000100000000)
  region size 1024K, 12 young (12288K), 0 survivors (0K)
 Metaspace       used 9524K, committed 9792K, reserved 1114112K
  class space    used 1076K, committed 1216K, reserved 1048576K

Heap Regions: E=young(eden), S=young(survivor), O=old, HS=humongous(starts), HC=humongous(continues), CS=collection set, F=free, OA=open archive, CA=closed archive, TAMS=top-at-mark-start (previous, next)
|   0|0x0000000081a00000, 0x0000000081b00000, 0x0000000081b00000|100%|HS|  |TAMS 0x0000000081a00000, 0x0000000081a00000| Complete 
|   1|0x0000000081b00000, 0x0000000081b00000, 0x0000000081c00000|  0%| F|  |TAMS 0x0000000081b00000, 0x0000000081b00000| Untracked 
|   2|0x0000000081c00000, 0x0000000081c00000, 0x0000000081d00000|  0%| F|  |TAMS 0x0000000081c00000, 0x0000000081c00000| Untracked 
|   3|0x0000000081d00000, 0x0000000081d00000, 0x0000000081e00000|  0%| F|  |TAMS 0x0000000081d00000, 0x0000000081d00000| Untracked 
|   4|0x0000000081e00000, 0x0000000081e00000, 0x0000000081f00000|  0%| F|  |TAMS 0x0000000081e00000, 0x0000000081e00000| Untracked 
|   5|0x0000000081f00000, 0x0000000081f00000, 0x0000000082000000|  0%| F|  |TAMS 0x0000000081f00000, 0x0000000081f00000| Untracked 
|   6|0x0000000082000000, 0x0000000082000000, 0x0000000082100000|  0%| F|  |TAMS 0x0000000082000000, 0x0000000082000000| Untracked 
|   7|0x0000000082100000, 0x0000000082100000, 0x0000000082200000|  0%| F|  |TAMS 0x0000000082100000, 0x0000000082100000| Untracked 
|   8|0x0000000082200000, 0x0000000082200000, 0x0000000082300000|  0%| F|  |TAMS 0x0000000082200000, 0x0000000082200000| Untracked 
|   9|0x0000000082300000, 0x0000000082300000, 0x0000000082400000|  0%| F|  |TAMS 0x0000000082300000, 0x0000000082300000| Untracked 
|  10|0x0000000082400000, 0x0000000082400000, 0x0000000082500000|  0%| F|  |TAMS 0x0000000082400000, 0x0000000082400000| Untracked 
|  11|0x0000000082500000, 0x0000000082500000, 0x0000000082600000|  0%| F|  |TAMS 0x0000000082500000, 0x0000000082500000| Untracked 
|  12|0x0000000082600000, 0x0000000082600000, 0x0000000082700000|  0%| F|  |TAMS 0x0000000082600000, 0x0000000082600000| Untracked 
|  13|0x0000000082700000, 0x0000000082700000, 0x0000000082800000|  0%| F|  |TAMS 0x0000000082700000, 0x0000000082700000| Untracked 
|  14|0x0000000082800000, 0x0000000082800000, 0x0000000082900000|  0%| F|  |TAMS 0x0000000082800000, 0x0000000082800000| Untracked 
|  15|0x0000000082900000, 0x0000000082900000, 0x0000000082a00000|  0%| F|  |TAMS 0x0000000082900000, 0x0000000082900000| Untracked 
|  16|0x0000000082a00000, 0x0000000082a00000, 0x0000000082b00000|  0%| F|  |TAMS 0x0000000082a00000, 0x0000000082a00000| Untracked 
|  17|0x0000000082b00000, 0x0000000082b00000, 0x0000000082c00000|  0%| F|  |TAMS 0x0000000082b00000, 0x0000000082b00000| Untracked 
|  18|0x0000000082c00000, 0x0000000082c00000, 0x0000000082d00000|  0%| F|  |TAMS 0x0000000082c00000, 0x0000000082c00000| Untracked 
|  19|0x0000000082d00000, 0x0000000082d00000, 0x0000000082e00000|  0%| F|  |TAMS 0x0000000082d00000, 0x0000000082d00000| Untracked 
|  20|0x0000000082e00000, 0x0000000082e00000, 0x0000000082f00000|  0%| F|  |TAMS 0x0000000082e00000, 0x0000000082e00000| Untracked 
|  21|0x0000000082f00000, 0x0000000082f00000, 0x0000000083000000|  0%| F|  |TAMS 0x0000000082f00000, 0x0000000082f00000| Untracked 
|  22|0x0000000083000000, 0x0000000083000000, 0x0000000083100000|  0%| F|  |TAMS 0x0000000083000000, 0x0000000083000000| Untracked 
|  23|0x0000000083100000, 0x0000000083100000, 0x0000000083200000|  0%| F|  |TAMS 0x0000000083100000, 0x0000000083100000| Untracked 
|  24|0x0000000083200000, 0x0000000083200000, 0x0000000083300000|  0%| F|  |TAMS 0x0000000083200000, 0x0000000083200000| Untracked 
|  25|0x0000000083300000, 0x0000000083300000, 0x0000000083400000|  0%| F|  |TAMS 0x0000000083300000, 0x0000000083300000| Untracked 
|  26|0x0000000083400000, 0x0000000083400000, 0x0000000083500000|  0%| F|  |TAMS 0x0000000083400000, 0x0000000083400000| Untracked 
|  27|0x0000000083500000, 0x0000000083500000, 0x0000000083600000|  0%| F|  |TAMS 0x0000000083500000, 0x0000000083500000| Untracked 
|  28|0x0000000083600000, 0x0000000083600000, 0x0000000083700000|  0%| F|  |TAMS 0x0000000083600000, 0x0000000083600000| Untracked 
|  29|0x0000000083700000, 0x0000000083700000, 0x0000000083800000|  0%| F|  |TAMS 0x0000000083700000, 0x0000000083700000| Untracked 
|  30|0x0000000083800000, 0x0000000083800000, 0x0000000083900000|  0%| F|  |TAMS 0x0000000083800000, 0x0000000083800000| Untracked 
|  31|0x0000000083900000, 0x0000000083900000, 0x0000000083a00000|  0%| F|  |TAMS 0x0000000083900000, 0x0000000083900000| Untracked 
|  32|0x0000000083a00000, 0x0000000083a00000, 0x0000000083b00000|  0%| F|  |TAMS 0x0000000083a00000, 0x0000000083a00000| Untracked 
|  33|0x0000000083b00000, 0x0000000083b00000, 0x0000000083c00000|  0%| F|  |TAMS 0x0000000083b00000, 0x0000000083b00000| Untracked 
|  34|0x0000000083c00000, 0x0000000083c00000, 0x0000000083d00000|  0%| F|  |TAMS 0x0000000083c00000, 0x0000000083c00000| Untracked 
|  35|0x0000000083d00000, 0x0000000083d00000, 0x0000000083e00000|  0%| F|  |TAMS 0x0000000083d00000, 0x0000000083d00000| Untracked 
|  36|0x0000000083e00000, 0x0000000083e00000, 0x0000000083f00000|  0%| F|  |TAMS 0x0000000083e00000, 0x0000000083e00000| Untracked 
|  37|0x0000000083f00000, 0x0000000083f00000, 0x0000000084000000|  0%| F|  |TAMS 0x0000000083f00000, 0x0000000083f00000| Untracked 
|  38|0x0000000084000000, 0x0000000084000000, 0x0000000084100000|  0%| F|  |TAMS 0x0000000084000000, 0x0000000084000000| Untracked 
|  39|0x0000000084100000, 0x0000000084100000, 0x0000000084200000|  0%| F|  |TAMS 0x0000000084100000, 0x0000000084100000| Untracked 
|  40|0x0000000084200000, 0x0000000084200000, 0x0000000084300000|  0%| F|  |TAMS 0x0000000084200000, 0x0000000084200000| Untracked 
|  41|0x0000000084300000, 0x0000000084300000, 0x0000000084400000|  0%| F|  |TAMS 0x0000000084300000, 0x0000000084300000| Untracked 
|  42|0x0000000084400000, 0x0000000084400000, 0x0000000084500000|  0%| F|  |TAMS 0x0000000084400000, 0x0000000084400000| Untracked 
|  43|0x0000000084500000, 0x0000000084500000, 0x0000000084600000|  0%| F|  |TAMS 0x0000000084500000, 0x0000000084500000| Untracked 
|  44|0x0000000084600000, 0x0000000084600000, 0x0000000084700000|  0%| F|  |TAMS 0x0000000084600000, 0x0000000084600000| Untracked 
|  45|0x0000000084700000, 0x0000000084700000, 0x0000000084800000|  0%| F|  |TAMS 0x0000000084700000, 0x0000000084700000| Untracked 
|  46|0x0000000084800000, 0x0000000084800000, 0x0000000084900000|  0%| F|  |TAMS 0x0000000084800000, 0x0000000084800000| Untracked 
|  47|0x0000000084900000, 0x0000000084900000, 0x0000000084a00000|  0%| F|  |TAMS 0x0000000084900000, 0x0000000084900000| Untracked 
|  48|0x0000000084a00000, 0x0000000084a00000, 0x0000000084b00000|  0%| F|  |TAMS 0x0000000084a00000, 0x0000000084a00000| Untracked 
|  49|0x0000000084b00000, 0x0000000084b00000, 0x0000000084c00000|  0%| F|  |TAMS 0x0000000084b00000, 0x0000000084b00000| Untracked 
|  50|0x0000000084c00000, 0x0000000084c00000, 0x0000000084d00000|  0%| F|  |TAMS 0x0000000084c00000, 0x0000000084c00000| Untracked 
|  51|0x0000000084d00000, 0x0000000084d00000, 0x0000000084e00000|  0%| F|  |TAMS 0x0000000084d00000, 0x0000000084d00000| Untracked 
|  52|0x0000000084e00000, 0x0000000084e00000, 0x0000000084f00000|  0%| F|  |TAMS 0x0000000084e00000, 0x0000000084e00000| Untracked 
|  53|0x0000000084f00000, 0x0000000084f00000, 0x0000000085000000|  0%| F|  |TAMS 0x0000000084f00000, 0x0000000084f00000| Untracked 
|  54|0x0000000085000000, 0x0000000085000000, 0x0000000085100000|  0%| F|  |TAMS 0x0000000085000000, 0x0000000085000000| Untracked 
|  55|0x0000000085100000, 0x0000000085100000, 0x0000000085200000|  0%| F|  |TAMS 0x0000000085100000, 0x0000000085100000| Untracked 
|  56|0x0000000085200000, 0x0000000085200000, 0x0000000085300000|  0%| F|  |TAMS 0x0000000085200000, 0x0000000085200000| Untracked 
|  57|0x0000000085300000, 0x0000000085300000, 0x0000000085400000|  0%| F|  |TAMS 0x0000000085300000, 0x0000000085300000| Untracked 
|  58|0x0000000085400000, 0x0000000085400000, 0x0000000085500000|  0%| F|  |TAMS 0x0000000085400000, 0x0000000085400000| Untracked 
|  59|0x0000000085500000, 0x0000000085500000, 0x0000000085600000|  0%| F|  |TAMS 0x0000000085500000, 0x0000000085500000| Untracked 
|  60|0x0000000085600000, 0x0000000085600000, 0x0000000085700000|  0%| F|  |TAMS 0x0000000085600000, 0x0000000085600000| Untracked 
|  61|0x0000000085700000, 0x0000000085700000, 0x0000000085800000|  0%| F|  |TAMS 0x0000000085700000, 0x0000000085700000| Untracked 
|  62|0x0000000085800000, 0x0000000085800000, 0x0000000085900000|  0%| F|  |TAMS 0x0000000085800000, 0x0000000085800000| Untracked 
|  63|0x0000000085900000, 0x0000000085900000, 0x0000000085a00000|  0%| F|  |TAMS 0x0000000085900000, 0x0000000085900000| Untracked 
|  64|0x0000000085a00000, 0x0000000085a00000, 0x0000000085b00000|  0%| F|  |TAMS 0x0000000085a00000, 0x0000000085a00000| Untracked 
|  65|0x0000000085b00000, 0x0000000085b00000, 0x0000000085c00000|  0%| F|  |TAMS 0x0000000085b00000, 0x0000000085b00000| Untracked 
|  66|0x0000000085c00000, 0x0000000085c00000, 0x0000000085d00000|  0%| F|  |TAMS 0x0000000085c00000, 0x0000000085c00000| Untracked 
|  67|0x0000000085d00000, 0x0000000085d00000, 0x0000000085e00000|  0%| F|  |TAMS 0x0000000085d00000, 0x0000000085d00000| Untracked 
|  68|0x0000000085e00000, 0x0000000085e00000, 0x0000000085f00000|  0%| F|  |TAMS 0x0000000085e00000, 0x0000000085e00000| Untracked 
|  69|0x0000000085f00000, 0x0000000085f00000, 0x0000000086000000|  0%| F|  |TAMS 0x0000000085f00000, 0x0000000085f00000| Untracked 
|  70|0x0000000086000000, 0x0000000086000000, 0x0000000086100000|  0%| F|  |TAMS 0x0000000086000000, 0x0000000086000000| Untracked 
|  71|0x0000000086100000, 0x0000000086100000, 0x0000000086200000|  0%| F|  |TAMS 0x0000000086100000, 0x0000000086100000| Untracked 
|  72|0x0000000086200000, 0x0000000086200000, 0x0000000086300000|  0%| F|  |TAMS 0x0000000086200000, 0x0000000086200000| Untracked 
|  73|0x0000000086300000, 0x0000000086300000, 0x0000000086400000|  0%| F|  |TAMS 0x0000000086300000, 0x0000000086300000| Untracked 
|  74|0x0000000086400000, 0x0000000086400000, 0x0000000086500000|  0%| F|  |TAMS 0x0000000086400000, 0x0000000086400000| Untracked 
|  75|0x0000000086500000, 0x0000000086500000, 0x0000000086600000|  0%| F|  |TAMS 0x0000000086500000, 0x0000000086500000| Untracked 
|  76|0x0000000086600000, 0x0000000086600000, 0x0000000086700000|  0%| F|  |TAMS 0x0000000086600000, 0x0000000086600000| Untracked 
|  77|0x0000000086700000, 0x0000000086700000, 0x0000000086800000|  0%| F|  |TAMS 0x0000000086700000, 0x0000000086700000| Untracked 
|  78|0x0000000086800000, 0x0000000086800000, 0x0000000086900000|  0%| F|  |TAMS 0x0000000086800000, 0x0000000086800000| Untracked 
|  79|0x0000000086900000, 0x0000000086900000, 0x0000000086a00000|  0%| F|  |TAMS 0x0000000086900000, 0x0000000086900000| Untracked 
|  80|0x0000000086a00000, 0x0000000086a00000, 0x0000000086b00000|  0%| F|  |TAMS 0x0000000086a00000, 0x0000000086a00000| Untracked 
|  81|0x0000000086b00000, 0x0000000086b00000, 0x0000000086c00000|  0%| F|  |TAMS 0x0000000086b00000, 0x0000000086b00000| Untracked 
|  82|0x0000000086c00000, 0x0000000086c00000, 0x0000000086d00000|  0%| F|  |TAMS 0x0000000086c00000, 0x0000000086c00000| Untracked 
|  83|0x0000000086d00000, 0x0000000086d00000, 0x0000000086e00000|  0%| F|  |TAMS 0x0000000086d00000, 0x0000000086d00000| Untracked 
|  84|0x0000000086e00000, 0x0000000086e00000, 0x0000000086f00000|  0%| F|  |TAMS 0x0000000086e00000, 0x0000000086e00000| Untracked 
|  85|0x0000000086f00000, 0x0000000086f00000, 0x0000000087000000|  0%| F|  |TAMS 0x0000000086f00000, 0x0000000086f00000| Untracked 
|  86|0x0000000087000000, 0x0000000087000000, 0x0000000087100000|  0%| F|  |TAMS 0x0000000087000000, 0x0000000087000000| Untracked 
|  87|0x0000000087100000, 0x0000000087100000, 0x0000000087200000|  0%| F|  |TAMS 0x0000000087100000, 0x0000000087100000| Untracked 
|  88|0x0000000087200000, 0x0000000087200000, 0x0000000087300000|  0%| F|  |TAMS 0x0000000087200000, 0x0000000087200000| Untracked 
|  89|0x0000000087300000, 0x0000000087300000, 0x0000000087400000|  0%| F|  |TAMS 0x0000000087300000, 0x0000000087300000| Untracked 
|  90|0x0000000087400000, 0x0000000087400000, 0x0000000087500000|  0%| F|  |TAMS 0x0000000087400000, 0x0000000087400000| Untracked 
|  91|0x0000000087500000, 0x0000000087500000, 0x0000000087600000|  0%| F|  |TAMS 0x0000000087500000, 0x0000000087500000| Untracked 
|  92|0x0000000087600000, 0x0000000087600000, 0x0000000087700000|  0%| F|  |TAMS 0x0000000087600000, 0x0000000087600000| Untracked 
|  93|0x0000000087700000, 0x0000000087700000, 0x0000000087800000|  0%| F|  |TAMS 0x0000000087700000, 0x0000000087700000| Untracked 
|  94|0x0000000087800000, 0x0000000087800000, 0x0000000087900000|  0%| F|  |TAMS 0x0000000087800000, 0x0000000087800000| Untracked 
|  95|0x0000000087900000, 0x0000000087900000, 0x0000000087a00000|  0%| F|  |TAMS 0x0000000087900000, 0x0000000087900000| Untracked 
|  96|0x0000000087a00000, 0x0000000087a00000, 0x0000000087b00000|  0%| F|  |TAMS 0x0000000087a00000, 0x0000000087a00000| Untracked 
|  97|0x0000000087b00000, 0x0000000087b00000, 0x0000000087c00000|  0%| F|  |TAMS 0x0000000087b00000, 0x0000000087b00000| Untracked 
|  98|0x0000000087c00000, 0x0000000087c00000, 0x0000000087d00000|  0%| F|  |TAMS 0x0000000087c00000, 0x0000000087c00000| Untracked 
|  99|0x0000000087d00000, 0x0000000087d00000, 0x0000000087e00000|  0%| F|  |TAMS 0x0000000087d00000, 0x0000000087d00000| Untracked 
| 100|0x0000000087e00000, 0x0000000087e00000, 0x0000000087f00000|  0%| F|  |TAMS 0x0000000087e00000, 0x0000000087e00000| Untracked 
| 101|0x0000000087f00000, 0x0000000087f00000, 0x0000000088000000|  0%| F|  |TAMS 0x0000000087f00000, 0x0000000087f00000| Untracked 
| 102|0x0000000088000000, 0x0000000088000000, 0x0000000088100000|  0%| F|  |TAMS 0x0000000088000000, 0x0000000088000000| Untracked 
| 103|0x0000000088100000, 0x0000000088100000, 0x0000000088200000|  0%| F|  |TAMS 0x0000000088100000, 0x0000000088100000| Untracked 
| 104|0x0000000088200000, 0x0000000088200000, 0x0000000088300000|  0%| F|  |TAMS 0x0000000088200000, 0x0000000088200000| Untracked 
| 105|0x0000000088300000, 0x0000000088300000, 0x0000000088400000|  0%| F|  |TAMS 0x0000000088300000, 0x0000000088300000| Untracked 
| 106|0x0000000088400000, 0x0000000088400000, 0x0000000088500000|  0%| F|  |TAMS 0x0000000088400000, 0x0000000088400000| Untracked 
| 107|0x0000000088500000, 0x0000000088500000, 0x0000000088600000|  0%| F|  |TAMS 0x0000000088500000, 0x0000000088500000| Untracked 
| 108|0x0000000088600000, 0x0000000088600000, 0x0000000088700000|  0%| F|  |TAMS 0x0000000088600000, 0x0000000088600000| Untracked 
| 109|0x0000000088700000, 0x0000000088700000, 0x0000000088800000|  0%| F|  |TAMS 0x0000000088700000, 0x0000000088700000| Untracked 
| 110|0x0000000088800000, 0x0000000088800000, 0x0000000088900000|  0%| F|  |TAMS 0x0000000088800000, 0x0000000088800000| Untracked 
| 111|0x0000000088900000, 0x0000000088900000, 0x0000000088a00000|  0%| F|  |TAMS 0x0000000088900000, 0x0000000088900000| Untracked 
| 112|0x0000000088a00000, 0x0000000088a00000, 0x0000000088b00000|  0%| F|  |TAMS 0x0000000088a00000, 0x0000000088a00000| Untracked 
| 113|0x0000000088b00000, 0x0000000088b00000, 0x0000000088c00000|  0%| F|  |TAMS 0x0000000088b00000, 0x0000000088b00000| Untracked 
| 114|0x0000000088c00000, 0x0000000088c00000, 0x0000000088d00000|  0%| F|  |TAMS 0x0000000088c00000, 0x0000000088c00000| Untracked 
| 115|0x0000000088d00000, 0x0000000088d00000, 0x0000000088e00000|  0%| F|  |TAMS 0x0000000088d00000, 0x0000000088d00000| Untracked 
| 116|0x0000000088e00000, 0x0000000088eec088, 0x0000000088f00000| 92%| E|  |TAMS 0x0000000088e00000, 0x0000000088e00000| Complete 
| 117|0x0000000088f00000, 0x0000000089000000, 0x0000000089000000|100%| E|CS|TAMS 0x0000000088f00000, 0x0000000088f00000| Complete 
| 118|0x0000000089000000, 0x0000000089100000, 0x0000000089100000|100%| E|CS|TAMS 0x0000000089000000, 0x0000000089000000| Complete 
| 119|0x0000000089100000, 0x0000000089200000, 0x0000000089200000|100%| E|CS|TAMS 0x0000000089100000, 0x0000000089100000| Complete 
| 120|0x0000000089200000, 0x0000000089300000, 0x0000000089300000|100%| E|CS|TAMS 0x0000000089200000, 0x0000000089200000| Complete 
| 121|0x0000000089300000, 0x0000000089400000, 0x0000000089400000|100%| E|CS|TAMS 0x0000000089300000, 0x0000000089300000| Complete 
| 122|0x0000000089400000, 0x0000000089500000, 0x0000000089500000|100%| E|CS|TAMS 0x0000000089400000, 0x0000000089400000| Complete 
| 123|0x0000000089500000, 0x0000000089600000, 0x0000000089600000|100%| E|CS|TAMS 0x0000000089500000, 0x0000000089500000| Complete 
| 124|0x0000000089600000, 0x0000000089700000, 0x0000000089700000|100%| E|CS|TAMS 0x0000000089600000, 0x0000000089600000| Complete 
| 125|0x0000000089700000, 0x0000000089800000, 0x0000000089800000|100%| E|CS|TAMS 0x0000000089700000, 0x0000000089700000| Complete 
| 126|0x0000000089800000, 0x0000000089900000, 0x0000000089900000|100%| E|CS|TAMS 0x0000000089800000, 0x0000000089800000| Complete 
| 127|0x0000000089900000, 0x0000000089a00000, 0x0000000089a00000|100%| E|CS|TAMS 0x0000000089900000, 0x0000000089900000| Complete 

Card table byte_map: [0x00000279f28f0000,0x00000279f2cf0000] _byte_map_base: 0x00000279f24e3000

Marking Bits (Prev, Next): (CMBitMap*) 0x00000279db8df300, (CMBitMap*) 0x00000279db8df340
 Prev Bits: [0x00000279f30f0000, 0x00000279f5088000)
 Next Bits: [0x00000279f5090000, 0x00000279f7028000)

Polling page: 0x00000279db050000

Metaspace:

Usage:
  Non-class:      8.25 MB used.
      Class:      1.05 MB used.
       Both:      9.30 MB used.

Virtual space:
  Non-class space:       64.00 MB reserved,       8.38 MB ( 13%) committed,  1 nodes.
      Class space:        1.00 GB reserved,       1.19 MB ( <1%) committed,  1 nodes.
             Both:        1.06 GB reserved,       9.56 MB ( <1%) committed. 

Chunk freelists:
   Non-Class:  2.98 MB
       Class:  2.74 MB
        Both:  5.72 MB

MaxMetaspaceSize: unlimited
CompressedClassSpaceSize: 1.00 GB
Initial GC threshold: 21.00 MB
Current GC threshold: 21.00 MB
CDS: on
MetaspaceReclaimPolicy: balanced
 - commit_granule_bytes: 65536.
 - commit_granule_words: 8192.
 - virtual_space_node_default_size: 8388608.
 - enlarge_chunks_in_place: 1.
 - new_chunks_are_fully_committed: 0.
 - uncommit_free_chunks: 1.
 - use_allocation_guard: 0.


Internal statistics:

num_allocs_failed_limit: 0.
num_arena_births: 138.
num_arena_deaths: 0.
num_vsnodes_births: 2.
num_vsnodes_deaths: 0.
num_space_committed: 153.
num_space_uncommitted: 0.
num_chunks_returned_to_freelist: 0.
num_chunks_taken_from_freelist: 182.
num_chunk_merges: 0.
num_chunk_splits: 114.
num_chunks_enlarged: 69.
num_inconsistent_stats: 0.

CodeHeap 'non-profiled nmethods': size=120000Kb used=431Kb max_used=431Kb free=119568Kb
 bounds [0x00000279eac90000, 0x00000279eaf00000, 0x00000279f21c0000]
CodeHeap 'profiled nmethods': size=120000Kb used=2329Kb max_used=2329Kb free=117670Kb
 bounds [0x00000279e3760000, 0x00000279e39d0000, 0x00000279eac90000]
CodeHeap 'non-nmethods': size=5760Kb used=1301Kb max_used=1336Kb free=4458Kb
 bounds [0x00000279e31c0000, 0x00000279e3430000, 0x00000279e3760000]
 total_blobs=2032 nmethods=1409 adapters=536
 compilation: enabled
              stopped_count=0, restarted_count=0
 full_count=0

Compilation events (20 events):
Event: 46.292 Thread 0x00000279f9a38230 nmethod 1401 0x00000279e39a2c10 code [0x00000279e39a2e60, 0x00000279e39a39e8]
Event: 46.627 Thread 0x00000279f9a38230 1402       3       java.awt.Rectangle::<init> (9 bytes)
Event: 46.627 Thread 0x00000279f9a38230 nmethod 1402 0x00000279e39a3e10 code [0x00000279e39a3fc0, 0x00000279e39a4278]
Event: 46.627 Thread 0x00000279f9a38230 1403       1       sun.java2d.loops.RenderCache$Entry::getValue (5 bytes)
Event: 46.627 Thread 0x00000279f9a38230 nmethod 1403 0x00000279eacfa490 code [0x00000279eacfa620, 0x00000279eacfa6f8]
Event: 46.639 Thread 0x00000279f9a38230 1404   !   3       sun.awt.PostEventQueue::flush (168 bytes)
Event: 46.640 Thread 0x00000279f9a38230 nmethod 1404 0x00000279e39a4390 code [0x00000279e39a4640, 0x00000279e39a5388]
Event: 46.646 Thread 0x00000279f9a38230 1405       3       java.awt.EventQueue::eventToCacheIndex (80 bytes)
Event: 46.647 Thread 0x00000279f9a38230 nmethod 1405 0x00000279e39a5990 code [0x00000279e39a5b60, 0x00000279e39a6158]
Event: 46.752 Thread 0x00000279f9a322f0 1406       4       java.security.AccessController::checkContext (49 bytes)
Event: 46.753 Thread 0x00000279f9a322f0 nmethod 1406 0x00000279eacfa790 code [0x00000279eacfa900, 0x00000279eacfa958]
Event: 46.774 Thread 0x00000279f9a322f0 1407       4       java.security.ProtectionDomain$JavaSecurityAccessImpl::doIntersectionPrivilege (22 bytes)
Event: 46.780 Thread 0x00000279f9a322f0 nmethod 1407 0x00000279eacfaa90 code [0x00000279eacfac60, 0x00000279eacfb0e0]
Event: 46.780 Thread 0x00000279f9a322f0 1408       4       java.security.AccessControlContext::<init> (63 bytes)
Event: 46.782 Thread 0x00000279f9a322f0 nmethod 1408 0x00000279eacfb610 code [0x00000279eacfb780, 0x00000279eacfba38]
Event: 47.174 Thread 0x00000279f9a322f0 1409       4       java.awt.Component::contains (7 bytes)
Event: 47.175 Thread 0x00000279f9a322f0 nmethod 1409 0x00000279eacfbb10 code [0x00000279eacfbc80, 0x00000279eacfbd18]
Event: 47.215 Thread 0x00000279f9a38230 1410       3       sun.java2d.pipe.Region::clipRound (34 bytes)
Event: 47.215 Thread 0x00000279f9a38230 nmethod 1410 0x00000279e39a6210 code [0x00000279e39a6400, 0x00000279e39a66a8]
Event: 47.252 Thread 0x00000279f9a322f0 1411       4       java.awt.EventQueue::getNextEventPrivate (76 bytes)

GC Heap History (0 events):
No events

Deoptimization events (20 events):
Event: 2.558 Thread 0x00000279fdf2a370 Uncommon trap: trap_request=0xffffffde fr.pc=0x00000279eac9fd14 relative=0x0000000000000194
Event: 2.558 Thread 0x00000279fdf2a370 Uncommon trap: reason=class_check action=maybe_recompile pc=0x00000279eac9fd14 method=java.lang.String.equals(Ljava/lang/Object;)Z @ 8 c2
Event: 2.558 Thread 0x00000279fdf2a370 DEOPT PACKING pc=0x00000279eac9fd14 sp=0x000000fac25fe6a0
Event: 2.558 Thread 0x00000279fdf2a370 DEOPT UNPACKING pc=0x00000279e32123a3 sp=0x000000fac25fe648 mode 2
Event: 2.558 Thread 0x00000279fdf2a370 Uncommon trap: trap_request=0xffffffde fr.pc=0x00000279eac9fd14 relative=0x0000000000000194
Event: 2.558 Thread 0x00000279fdf2a370 Uncommon trap: reason=class_check action=maybe_recompile pc=0x00000279eac9fd14 method=java.lang.String.equals(Ljava/lang/Object;)Z @ 8 c2
Event: 2.558 Thread 0x00000279fdf2a370 DEOPT PACKING pc=0x00000279eac9fd14 sp=0x000000fac25fe6a0
Event: 2.558 Thread 0x00000279fdf2a370 DEOPT UNPACKING pc=0x00000279e32123a3 sp=0x000000fac25fe648 mode 2
Event: 3.531 Thread 0x00000279fdf2a370 Uncommon trap: trap_request=0xffffff45 fr.pc=0x00000279eaccd630 relative=0x0000000000000090
Event: 3.531 Thread 0x00000279fdf2a370 Uncommon trap: reason=unstable_if action=reinterpret pc=0x00000279eaccd630 method=java.awt.Component.inside(II)Z @ 9 c2
Event: 3.531 Thread 0x00000279fdf2a370 DEOPT PACKING pc=0x00000279eaccd630 sp=0x000000fac25fe730
Event: 3.531 Thread 0x00000279fdf2a370 DEOPT UNPACKING pc=0x00000279e32123a3 sp=0x000000fac25fe5c8 mode 2
Event: 46.292 Thread 0x00000279fdf2a370 Uncommon trap: trap_request=0xffffff3d fr.pc=0x00000279eacf539c relative=0x000000000000009c
Event: 46.292 Thread 0x00000279fdf2a370 Uncommon trap: reason=unstable_fused_if action=reinterpret pc=0x00000279eacf539c method=java.awt.EventQueue.eventToCacheIndex(Ljava/awt/AWTEvent;)I @ 4 c2
Event: 46.292 Thread 0x00000279fdf2a370 DEOPT PACKING pc=0x00000279eacf539c sp=0x000000fac25ff3f0
Event: 46.292 Thread 0x00000279fdf2a370 DEOPT UNPACKING pc=0x00000279e32123a3 sp=0x000000fac25ff388 mode 2
Event: 46.292 Thread 0x00000279fdf2a370 Uncommon trap: trap_request=0xffffff3d fr.pc=0x00000279eacf1580 relative=0x0000000000003b80
Event: 46.292 Thread 0x00000279fdf2a370 Uncommon trap: reason=unstable_fused_if action=reinterpret pc=0x00000279eacf1580 method=java.awt.EventQueue.eventToCacheIndex(Ljava/awt/AWTEvent;)I @ 4 c2
Event: 46.292 Thread 0x00000279fdf2a370 DEOPT PACKING pc=0x00000279eacf1580 sp=0x000000fac25ff420
Event: 46.292 Thread 0x00000279fdf2a370 DEOPT UNPACKING pc=0x00000279e32123a3 sp=0x000000fac25ff1f0 mode 2

Classes loaded (20 events):
Event: 7.718 Loading class java/util/concurrent/RejectedExecutionHandler done
Event: 7.718 Loading class java/util/concurrent/ThreadPoolExecutor$AbortPolicy done
Event: 7.718 Loading class java/util/concurrent/LinkedBlockingQueue
Event: 7.719 Loading class java/util/concurrent/LinkedBlockingQueue done
Event: 7.719 Loading class java/util/concurrent/LinkedBlockingQueue$Node
Event: 7.719 Loading class java/util/concurrent/LinkedBlockingQueue$Node done
Event: 7.719 Loading class javax/swing/SwingWorker$7
Event: 7.719 Loading class javax/swing/SwingWorker$7 done
Event: 7.719 Loading class java/util/concurrent/ThreadPoolExecutor$Worker
Event: 7.719 Loading class java/util/concurrent/ThreadPoolExecutor$Worker done
Event: 7.720 Loading class java/lang/Thread$State
Event: 7.720 Loading class java/lang/Thread$State done
Event: 7.722 Loading class javax/swing/SwingWorker$SwingWorkerPropertyChangeSupport$1
Event: 7.722 Loading class javax/swing/SwingWorker$SwingWorkerPropertyChangeSupport$1 done
Event: 7.722 Loading class javax/swing/SwingWorker$5
Event: 7.722 Loading class javax/swing/SwingWorker$5 done
Event: 7.779 Loading class javax/swing/text/AbstractDocument$ElementEdit
Event: 7.779 Loading class javax/swing/text/AbstractDocument$ElementEdit done
Event: 46.777 Loading class java/security/DomainCombiner
Event: 46.777 Loading class java/security/DomainCombiner done

Classes unloaded (0 events):
No events

Classes redefined (0 events):
No events

Internal exceptions (16 events):
Event: 0.084 Thread 0x00000279db87fd20 Exception <a 'sun/nio/fs/WindowsException'{0x00000000898363e0}> (0x00000000898363e0) 
thrown [s\open\src\hotspot\share\prims\jni.cpp, line 516]
Event: 0.084 Thread 0x00000279db87fd20 Exception <a 'sun/nio/fs/WindowsException'{0x0000000089836a80}> (0x0000000089836a80) 
thrown [s\open\src\hotspot\share\prims\jni.cpp, line 516]
Event: 0.086 Thread 0x00000279db87fd20 Exception <a 'sun/nio/fs/WindowsException'{0x0000000089839580}> (0x0000000089839580) 
thrown [s\open\src\hotspot\share\prims\jni.cpp, line 516]
Event: 0.161 Thread 0x00000279db87fd20 Exception <a 'java/lang/ClassNotFoundException'{0x00000000898eac68}: sun/awt/resources/spi/awtProvider> (0x00000000898eac68) 
thrown [s\open\src\hotspot\share\classfile\systemDictionary.cpp, line 255]
Event: 0.184 Thread 0x00000279db87fd20 Exception <a 'java/io/FileNotFoundException'{0x000000008973efd0}> (0x000000008973efd0) 
thrown [s\open\src\hotspot\share\prims\jni.cpp, line 516]
Event: 0.193 Thread 0x00000279db87fd20 Exception <a 'java/io/FileNotFoundException'{0x000000008976bfe8}> (0x000000008976bfe8) 
thrown [s\open\src\hotspot\share\prims\jni.cpp, line 516]
Event: 0.245 Thread 0x00000279db87fd20 Exception <a 'java/lang/NoSuchMethodError'{0x00000000897b2938}: 'java.lang.Object java.lang.invoke.DirectMethodHandle$Holder.invokeStaticInit(java.lang.Object)'> (0x00000000897b2938) 
thrown [s\open\src\hotspot\share\interpreter\linkResolver.cpp, line 766]
Event: 0.287 Thread 0x00000279db87fd20 Exception <a 'java/lang/NoSuchMethodError'{0x000000008960fc78}: 'void java.lang.invoke.DirectMethodHandle$Holder.invokeSpecial(java.lang.Object, java.lang.Object, java.lang.Object)'> (0x000000008960fc78) 
thrown [s\open\src\hotspot\share\interpreter\linkResolver.cpp, line 766]
Event: 0.296 Thread 0x00000279db87fd20 Exception <a 'java/lang/NoSuchMethodError'{0x000000008963ad98}: 'java.lang.Object java.lang.invoke.DirectMethodHandle$Holder.newInvokeSpecial(java.lang.Object, java.lang.Object, java.lang.Object, java.lang.Object, java.lang.Object)'> (0x000000008963ad98) 
thrown [s\open\src\hotspot\share\interpreter\linkResolver.cpp, line 766]
Event: 0.304 Thread 0x00000279db87fd20 Exception <a 'java/lang/NoSuchMethodError'{0x000000008966c8a8}: 'java.lang.Object java.lang.invoke.DirectMethodHandle$Holder.invokeStatic(java.lang.Object, int, java.lang.Object)'> (0x000000008966c8a8) 
thrown [s\open\src\hotspot\share\interpreter\linkResolver.cpp, line 766]
Event: 0.332 Thread 0x00000279db87fd20 Exception <a 'java/lang/ClassNotFoundException'{0x0000000089529cd0}: com/sun/swing/internal/plaf/metal/resources/spi/metalProvider> (0x0000000089529cd0) 
thrown [s\open\src\hotspot\share\classfile\systemDictionary.cpp, line 255]
Event: 0.333 Thread 0x00000279db87fd20 Exception <a 'java/lang/ClassNotFoundException'{0x000000008952dd58}: com/sun/swing/internal/plaf/basic/resources/spi/basicProvider> (0x000000008952dd58) 
thrown [s\open\src\hotspot\share\classfile\systemDictionary.cpp, line 255]
Event: 0.343 Thread 0x00000279db87fd20 Exception <a 'java/lang/NoSuchMethodError'{0x000000008954e108}: 'int java.lang.invoke.Invokers$Holder.invokeExact_MT(java.lang.Object, java.lang.Object)'> (0x000000008954e108) 
thrown [s\open\src\hotspot\share\interpreter\linkResolver.cpp, line 766]
Event: 0.356 Thread 0x00000279fdddec80 Exception <a 'java/lang/NoSuchMethodError'{0x00000000897fc4b8}: 'void java.lang.invoke.DirectMethodHandle$Holder.invokeVirtual(java.lang.Object, java.lang.Object)'> (0x00000000897fc4b8) 
thrown [s\open\src\hotspot\share\interpreter\linkResolver.cpp, line 766]
Event: 0.371 Thread 0x00000279db87fd20 Exception <a 'java/lang/NoSuchMethodError'{0x0000000089403cb0}: 'void java.lang.invoke.DirectMethodHandle$Holder.invokeStaticInit(java.lang.Object)'> (0x0000000089403cb0) 
thrown [s\open\src\hotspot\share\interpreter\linkResolver.cpp, line 766]
Event: 0.823 Thread 0x00000279db87fd20 Exception <a 'java/lang/NoSuchMethodError'{0x00000000894bdc48}: 'void java.lang.invoke.DirectMethodHandle$Holder.invokeStatic(java.lang.Object, java.lang.Object, java.lang.Object)'> (0x00000000894bdc48) 
thrown [s\open\src\hotspot\share\interpreter\linkResolver.cpp, line 766]

VM Operations (20 events):
Event: 8.632 Executing VM operation: Cleanup
Event: 8.632 Executing VM operation: Cleanup done
Event: 9.637 Executing VM operation: Cleanup
Event: 9.637 Executing VM operation: Cleanup done
Event: 17.702 Executing VM operation: Cleanup
Event: 17.702 Executing VM operation: Cleanup done
Event: 18.710 Executing VM operation: Cleanup
Event: 18.710 Executing VM operation: Cleanup done
Event: 19.710 Executing VM operation: Cleanup
Event: 19.711 Executing VM operation: Cleanup done
Event: 20.723 Executing VM operation: Cleanup
Event: 20.724 Executing VM operation: Cleanup done
Event: 41.911 Executing VM operation: Cleanup
Event: 41.912 Executing VM operation: Cleanup done
Event: 44.931 Executing VM operation: Cleanup
Event: 44.931 Executing VM operation: Cleanup done
Event: 45.941 Executing VM operation: Cleanup
Event: 45.941 Executing VM operation: Cleanup done
Event: 46.952 Executing VM operation: Cleanup
Event: 46.952 Executing VM operation: Cleanup done

Events (20 events):
Event: 0.036 Thread 0x00000279f9a38230 Thread added: 0x00000279f9a38230
Event: 0.037 Thread 0x00000279f9a38c60 Thread added: 0x00000279f9a38c60
Event: 0.065 Thread 0x00000279fdc2a9f0 Thread added: 0x00000279fdc2a9f0
Event: 0.080 Loaded shared library C:\Program Files\Java\jdk-18.0.1.1\bin\net.dll
Event: 0.082 Loaded shared library C:\Program Files\Java\jdk-18.0.1.1\bin\nio.dll
Event: 0.101 Thread 0x00000279fdcf9630 Thread added: 0x00000279fdcf9630
Event: 0.106 Loaded shared library C:\Program Files\Java\jdk-18.0.1.1\bin\zip.dll
Event: 0.113 Loaded shared library C:\Program Files\Java\jdk-18.0.1.1\bin\verify.dll
Event: 0.155 Loaded shared library C:\Program Files\Java\jdk-18.0.1.1\bin\jimage.dll
Event: 0.171 Loaded shared library C:\Program Files\Java\jdk-18.0.1.1\bin\awt.dll
Event: 0.246 Thread 0x00000279fddd8d80 Thread added: 0x00000279fddd8d80
Event: 0.247 Thread 0x00000279fdddbd00 Thread added: 0x00000279fdddbd00
Event: 0.248 Thread 0x00000279fdddec80 Thread added: 0x00000279fdddec80
Event: 0.347 Thread 0x00000279fdf2a370 Thread added: 0x00000279fdf2a370
Event: 0.376 Loaded shared library C:\Program Files\Java\jdk-18.0.1.1\bin\freetype.dll
Event: 0.377 Loaded shared library C:\Program Files\Java\jdk-18.0.1.1\bin\fontmanager.dll
Event: 0.861 Thread 0x00000279feb8b270 Thread added: 0x00000279feb8b270
Event: 0.979 Thread 0x00000279feb8b740 Thread added: 0x00000279feb8b740
Event: 7.721 Thread 0x00000279feb88720 Thread added: 0x00000279feb88720
Event: 20.415 Thread 0x00000279feb87d80 Thread added: 0x00000279feb87d80


Dynamic libraries:
0x00007ff615e80000 - 0x00007ff615e90000 	C:\Program Files\Java\jdk-18.0.1.1\bin\java.exe
0x00007ff9fd350000 - 0x00007ff9fd548000 	C:\WINDOWS\SYSTEM32\ntdll.dll
0x00007ff9fb590000 - 0x00007ff9fb64f000 	C:\WINDOWS\System32\KERNEL32.DLL
0x00007ff9fb0c0000 - 0x00007ff9fb392000 	C:\WINDOWS\System32\KERNELBASE.dll
0x00007ff9faac0000 - 0x00007ff9fabc0000 	C:\WINDOWS\System32\ucrtbase.dll
0x00007ff9e9e40000 - 0x00007ff9e9e5a000 	C:\Program Files\Java\jdk-18.0.1.1\bin\VCRUNTIME140.dll
0x00007ff9d72f0000 - 0x00007ff9d7308000 	C:\Program Files\Java\jdk-18.0.1.1\bin\jli.dll
0x00007ff9fd170000 - 0x00007ff9fd21e000 	C:\WINDOWS\System32\ADVAPI32.dll
0x00007ff9fce00000 - 0x00007ff9fce9e000 	C:\WINDOWS\System32\msvcrt.dll
0x00007ff9fcea0000 - 0x00007ff9fcf3c000 	C:\WINDOWS\System32\sechost.dll
0x00007ff9fb3a0000 - 0x00007ff9fb4c4000 	C:\WINDOWS\System32\RPCRT4.dll
0x00007ff9fb650000 - 0x00007ff9fb7f1000 	C:\WINDOWS\System32\USER32.dll
0x00007ff9fabc0000 - 0x00007ff9fabe2000 	C:\WINDOWS\System32\win32u.dll
0x00007ff9e7ca0000 - 0x00007ff9e7f3a000 	C:\WINDOWS\WinSxS\amd64_microsoft.windows.common-controls_6595b64144ccf1df_6.0.19041.1110_none_60b5254171f9507e\COMCTL32.dll
0x00007ff9fbe00000 - 0x00007ff9fbe2b000 	C:\WINDOWS\System32\GDI32.dll
0x00007ff9fabf0000 - 0x00007ff9facff000 	C:\WINDOWS\System32\gdi32full.dll
0x00007ff9fb020000 - 0x00007ff9fb0bd000 	C:\WINDOWS\System32\msvcp_win.dll
0x00007ff9eb050000 - 0x00007ff9eb05a000 	C:\WINDOWS\SYSTEM32\VERSION.dll
0x00007ff9fd140000 - 0x00007ff9fd170000 	C:\WINDOWS\System32\IMM32.DLL
0x00007ff9f6800000 - 0x00007ff9f680c000 	C:\Program Files\Java\jdk-18.0.1.1\bin\vcruntime140_1.dll
0x00007ff9d7650000 - 0x00007ff9d76dd000 	C:\Program Files\Java\jdk-18.0.1.1\bin\msvcp140.dll
0x00007ff9c9290000 - 0x00007ff9c9ea0000 	C:\Program Files\Java\jdk-18.0.1.1\bin\server\jvm.dll
0x00007ff9fbe30000 - 0x00007ff9fbe38000 	C:\WINDOWS\System32\PSAPI.DLL
0x00007ff9f8370000 - 0x00007ff9f8379000 	C:\WINDOWS\SYSTEM32\WSOCK32.dll
0x00007ff9e7780000 - 0x00007ff9e77a7000 	C:\WINDOWS\SYSTEM32\WINMM.dll
0x00007ff9fca60000 - 0x00007ff9fcacb000 	C:\WINDOWS\System32\WS2_32.dll
0x00007ff9f8910000 - 0x00007ff9f8922000 	C:\WINDOWS\SYSTEM32\kernel.appcore.dll
0x00007ff9f6380000 - 0x00007ff9f638a000 	C:\Program Files\Java\jdk-18.0.1.1\bin\jimage.dll
0x00007ff9e88a0000 - 0x00007ff9e8a84000 	C:\WINDOWS\SYSTEM32\DBGHELP.DLL
0x00007ff9e8490000 - 0x00007ff9e84c5000 	C:\WINDOWS\SYSTEM32\dbgcore.DLL
0x00007ff9faf40000 - 0x00007ff9fafc2000 	C:\WINDOWS\System32\bcryptPrimitives.dll
0x00007ff9e8550000 - 0x00007ff9e8575000 	C:\Program Files\Java\jdk-18.0.1.1\bin\java.dll
0x00007ff9d3d10000 - 0x00007ff9d3de6000 	C:\Program Files\Java\jdk-18.0.1.1\bin\jsvml.dll
0x00007ff9fbe40000 - 0x00007ff9fc585000 	C:\WINDOWS\System32\SHELL32.dll
0x00007ff9f8b10000 - 0x00007ff9f92a2000 	C:\WINDOWS\SYSTEM32\windows.storage.dll
0x00007ff9fb970000 - 0x00007ff9fbcc5000 	C:\WINDOWS\System32\combase.dll
0x00007ff9fa4b0000 - 0x00007ff9fa4e0000 	C:\WINDOWS\SYSTEM32\Wldp.dll
0x00007ff9fb860000 - 0x00007ff9fb90d000 	C:\WINDOWS\System32\SHCORE.dll
0x00007ff9fc590000 - 0x00007ff9fc5e5000 	C:\WINDOWS\System32\shlwapi.dll
0x00007ff9fa990000 - 0x00007ff9fa9af000 	C:\WINDOWS\SYSTEM32\profapi.dll
0x00007ff9e70c0000 - 0x00007ff9e70d3000 	C:\Program Files\Java\jdk-18.0.1.1\bin\net.dll
0x00007ff9f2b50000 - 0x00007ff9f2c5a000 	C:\WINDOWS\SYSTEM32\WINHTTP.dll
0x00007ff9fa210000 - 0x00007ff9fa27a000 	C:\WINDOWS\system32\mswsock.dll
0x00007ff9e63d0000 - 0x00007ff9e63e6000 	C:\Program Files\Java\jdk-18.0.1.1\bin\nio.dll
0x00007ff9e54f0000 - 0x00007ff9e5508000 	C:\Program Files\Java\jdk-18.0.1.1\bin\zip.dll
0x00007ff9f5c80000 - 0x00007ff9f5c90000 	C:\Program Files\Java\jdk-18.0.1.1\bin\verify.dll
0x00007ff9c5e20000 - 0x00007ff9c5faf000 	C:\Program Files\Java\jdk-18.0.1.1\bin\awt.dll
0x00007ff9fcd30000 - 0x00007ff9fcdfd000 	C:\WINDOWS\System32\OLEAUT32.dll
0x00007ff9f8390000 - 0x00007ff9f8420000 	C:\WINDOWS\SYSTEM32\apphelp.dll
0x00007ff9f8730000 - 0x00007ff9f875f000 	C:\WINDOWS\system32\DWMAPI.DLL
0x00007ff9f8430000 - 0x00007ff9f84ce000 	C:\WINDOWS\system32\uxtheme.dll
0x00007ff9d8d00000 - 0x00007ff9d8e25000 	C:\WINDOWS\system32\opengl32.dll
0x00007ff9ea590000 - 0x00007ff9ea5bc000 	C:\WINDOWS\SYSTEM32\GLU32.dll
0x00007ff9fd020000 - 0x00007ff9fd134000 	C:\WINDOWS\System32\MSCTF.dll
0x00007ff9fbcd0000 - 0x00007ff9fbdfa000 	C:\WINDOWS\System32\ole32.dll
0x00007ff9d3c80000 - 0x00007ff9d3d09000 	C:\Program Files\Java\jdk-18.0.1.1\bin\freetype.dll
0x00007ff9d0fe0000 - 0x00007ff9d1088000 	C:\Program Files\Java\jdk-18.0.1.1\bin\fontmanager.dll
0x00007ff9fb4e0000 - 0x00007ff9fb589000 	C:\WINDOWS\System32\clbcatq.dll
0x00007ff9f2990000 - 0x00007ff9f2b44000 	C:\WINDOWS\SYSTEM32\WindowsCodecs.dll
0x00007ff9fad00000 - 0x00007ff9fad27000 	C:\WINDOWS\System32\bcrypt.dll
0x00007ff9e9590000 - 0x00007ff9e95ce000 	C:\WINDOWS\system32\dataexchange.dll
0x00007ff9f6ad0000 - 0x00007ff9f6d33000 	C:\WINDOWS\system32\d3d11.dll
0x00007ff9f79b0000 - 0x00007ff9f7b93000 	C:\WINDOWS\system32\dcomp.dll
0x00007ff9f9430000 - 0x00007ff9f9523000 	C:\WINDOWS\system32\dxgi.dll
0x00007ff9f2f00000 - 0x00007ff9f3100000 	C:\WINDOWS\system32\twinapi.appcore.dll
0x00007ff9f1900000 - 0x00007ff9f19f9000 	C:\WINDOWS\SYSTEM32\textinputframework.dll
0x00007ff9f7e00000 - 0x00007ff9f815e000 	C:\WINDOWS\System32\CoreUIComponents.dll
0x00007ff9f8160000 - 0x00007ff9f8252000 	C:\WINDOWS\System32\CoreMessaging.dll
0x00007ff9f7ba0000 - 0x00007ff9f7cf4000 	C:\WINDOWS\SYSTEM32\wintypes.dll
0x00007ff9f9be0000 - 0x00007ff9f9c13000 	C:\WINDOWS\SYSTEM32\ntmarta.dll
0x00007ff9f9eb0000 - 0x00007ff9f9eeb000 	C:\WINDOWS\SYSTEM32\IPHLPAPI.DLL
0x00007ff9fb4d0000 - 0x00007ff9fb4d8000 	C:\WINDOWS\System32\NSI.dll
0x00007ff9f3a50000 - 0x00007ff9f3a67000 	C:\WINDOWS\SYSTEM32\dhcpcsvc6.DLL
0x00007ff9f3980000 - 0x00007ff9f399d000 	C:\WINDOWS\SYSTEM32\dhcpcsvc.DLL
0x00007ff9f9f40000 - 0x00007ff9fa00b000 	C:\WINDOWS\SYSTEM32\DNSAPI.dll

dbghelp: loaded successfully - version: 4.0.5 - missing functions: none
symbol engine: initialized successfully - sym options: 0x614 - pdb path: .;C:\Program Files\Java\jdk-18.0.1.1\bin;C:\WINDOWS\SYSTEM32;C:\WINDOWS\WinSxS\amd64_microsoft.windows.common-controls_6595b64144ccf1df_6.0.19041.1110_none_60b5254171f9507e;C:\Program Files\Java\jdk-18.0.1.1\bin\server

VM Arguments:
jvm_args: -Dfile.encoding=UTF-8 --module-path=C:\Users\BitComando\OneDrive\Documents\IFSC\Ciência da Computação\Fase 3\Rede de Computadores\Parte1\UDPMulticast\build\classes 
java_command: udpmulticast.UDPMulticast
java_class_path (initial): C:\Users\BitComando\OneDrive\Documents\IFSC\Ciência da Computação\Fase 3\Rede de Computadores\Parte1\UDPMulticast\dist\json-simple-1.1.1.jar;C:\Users\BitComando\OneDrive\Documents\IFSC\Ciência da Computação\Fase 3\Rede de Computadores\Parte1\UDPMulticast\build\classes
Launcher Type: SUN_STANDARD

[Global flags]
     intx CICompilerCount                          = 4                                         {product} {ergonomic}
     uint ConcGCThreads                            = 2                                         {product} {ergonomic}
     uint G1ConcRefinementThreads                  = 8                                         {product} {ergonomic}
   size_t G1HeapRegionSize                         = 1048576                                   {product} {ergonomic}
    uintx GCDrainStackTargetSize                   = 64                                        {product} {ergonomic}
   size_t InitialHeapSize                          = 134217728                                 {product} {ergonomic}
   size_t MarkStackSize                            = 4194304                                   {product} {ergonomic}
   size_t MaxHeapSize                              = 2120220672                                {product} {ergonomic}
   size_t MaxNewSize                               = 1271922688                                {product} {ergonomic}
   size_t MinHeapDeltaBytes                        = 1048576                                   {product} {ergonomic}
   size_t MinHeapSize                              = 8388608                                   {product} {ergonomic}
    uintx NonNMethodCodeHeapSize                   = 5839372                                {pd product} {ergonomic}
    uintx NonProfiledCodeHeapSize                  = 122909434                              {pd product} {ergonomic}
    uintx ProfiledCodeHeapSize                     = 122909434                              {pd product} {ergonomic}
    uintx ReservedCodeCacheSize                    = 251658240                              {pd product} {ergonomic}
     bool SegmentedCodeCache                       = true                                      {product} {ergonomic}
   size_t SoftMaxHeapSize                          = 2120220672                             {manageable} {ergonomic}
     bool UseCompressedClassPointers               = true                           {product lp64_product} {ergonomic}
     bool UseCompressedOops                        = true                           {product lp64_product} {ergonomic}
     bool UseG1GC                                  = true                                      {product} {ergonomic}
     bool UseLargePagesIndividualAllocation        = false                                  {pd product} {ergonomic}

Logging:
Log output configuration:
 #0: stdout all=warning uptime,level,tags foldmultilines=false
 #1: stderr all=off uptime,level,tags foldmultilines=false

Environment Variables:
PATH=C:\Program Files (x86)\NVIDIA Corporation\PhysX\Common;C:\Program Files\Common Files\Oracle\Java\javapath;C:\Program Files (x86)\Common Files\Oracle\Java\javapath;C:\Program Files (x86)\Java\jdk1.8.0_321\bin;C:\Windows\system32;C:\Windows;C:\Windows\System32\Wbem;C:\Windows\System32\WindowsPowerShell\v1.0\;C:\Windows\System32\OpenSSH\;C:\Program Files\dotnet\;C:\Program Files\Microsoft SQL Server\150\Tools\Binn\;C:\Program Files\Microsoft SQL Server\Client SDK\ODBC\170\Tools\Binn\;C:\Program Files\Git\cmd;C:\Program Files\Microsoft VS Code\bin;;%SystemRoot%\system32;%SystemRoot%;%SystemRoot%\System32\Wbem;%SYSTEMROOT%\System32\WindowsPowerShell\v1.0\;%SYSTEMROOT%\System32\OpenSSH\;C:\Users\BitComando\AppData\Local\Microsoft\WindowsApps;C:\Users\BitComando\.dotnet\tools;
USERNAME=LaisVarela
OS=Windows_NT
PROCESSOR_IDENTIFIER=Intel64 Family 6 Model 58 Stepping 9, GenuineIntel



---------------  S Y S T E M  ---------------

OS:
 Windows 10 , 64 bit Build 19041 (10.0.19041.2546)
OS uptime: 13 days 20:55 hours

CPU: total 8 (initial active 8) (4 cores per cpu, 2 threads per core) family 6 model 58 stepping 9 microcode 0x21, cx8, cmov, fxsr, ht, mmx, sse, sse2, sse3, ssse3, sse4.1, sse4.2, popcnt, tsc, tscinvbit, avx, aes, erms, clmul, vzeroupper, clflush

Memory: 4k page, system-wide physical 8084M (1406M free)
TotalPageFile size 32660M (AvailPageFile size 3M)
current process WorkingSet (physical memory assigned to process): 68M, peak: 75M
current process commit charge ("private bytes"): 226M, peak: 236M

vm_info: Java HotSpot(TM) 64-Bit Server VM (18.0.1.1+2-6) for windows-amd64 JRE (18.0.1.1+2-6), built on Apr 25 2022 21:53:15 by "mach5one" with MS VC++ 16.8 / 16.9 (VS2019)

END.
